
*** Running vivado
    with args -log design_1_speed_sensor_1_0.vds -m64 -product Vivado -mode batch -messageDb vivado.pb -notrace -source design_1_speed_sensor_1_0.tcl


ECHO is off.
ECHO is off.

****** Vivado v2023.2 (64-bit)
  **** SW Build 4029153 on Fri Oct 13 20:14:34 MDT 2023
  **** IP Build 4028589 on Sat Oct 14 00:45:43 MDT 2023
  **** SharedData Build 4025554 on Tue Oct 10 17:18:54 MDT 2023
    ** Copyright 1986-2022 Xilinx, Inc. All Rights Reserved.
    ** Copyright 2022-2023 Advanced Micro Devices, Inc. All Rights Reserved.

source design_1_speed_sensor_1_0.tcl -notrace
create_project: Time (s): cpu = 00:00:05 ; elapsed = 00:00:06 . Memory (MB): peak = 462.324 ; gain = 183.680
INFO: [IP_Flow 19-234] Refreshing IP repositories
INFO: [IP_Flow 19-1700] Loaded user IP repository 'c:/Users/dries/ip_repo'.
INFO: [IP_Flow 19-2313] Loaded Vivado IP repository 'C:/Xilinx/Vivado/2023.2/data/ip'.
INFO: [IP_Flow 19-6924] IPCACHE: Running cache check for IP inst: design_1_speed_sensor_1_0
Command: synth_design -top design_1_speed_sensor_1_0 -part xc7z020clg400-1 -incremental_mode off -mode out_of_context
Starting synth_design
Attempting to get a license for feature 'Synthesis' and/or device 'xc7z020'
INFO: [Common 17-349] Got license for feature 'Synthesis' and/or device 'xc7z020'
INFO: [Device 21-403] Loading part xc7z020clg400-1
INFO: [Synth 8-7079] Multithreading enabled for synth_design using a maximum of 2 processes.
INFO: [Synth 8-7078] Launching helper process for spawning children vivado processes
INFO: [Synth 8-7075] Helper process launched with PID 17148
---------------------------------------------------------------------------------
Starting RTL Elaboration : Time (s): cpu = 00:00:05 ; elapsed = 00:00:09 . Memory (MB): peak = 1337.141 ; gain = 437.398
---------------------------------------------------------------------------------
INFO: [Synth 8-638] synthesizing module 'design_1_speed_sensor_1_0' [c:/Users/dries/ss_and_mc/ss_and_mc.gen/sources_1/bd/design_1/ip/design_1_speed_sensor_1_0/synth/design_1_speed_sensor_1_0.vhd:84]
	Parameter C_S00_AXI_DATA_WIDTH bound to: 32 - type: integer 
	Parameter C_S00_AXI_ADDR_WIDTH bound to: 4 - type: integer 
INFO: [Synth 8-3491] module 'speed_sensor_v1_0' declared at 'c:/Users/dries/ss_and_mc/ss_and_mc.gen/sources_1/bd/design_1/ipshared/e678/hdl/speed_sensor_v1_0.vhd:5' bound to instance 'U0' of component 'speed_sensor_v1_0' [c:/Users/dries/ss_and_mc/ss_and_mc.gen/sources_1/bd/design_1/ip/design_1_speed_sensor_1_0/synth/design_1_speed_sensor_1_0.vhd:154]
INFO: [Synth 8-638] synthesizing module 'speed_sensor_v1_0' [c:/Users/dries/ss_and_mc/ss_and_mc.gen/sources_1/bd/design_1/ipshared/e678/hdl/speed_sensor_v1_0.vhd:50]
	Parameter C_S_AXI_DATA_WIDTH bound to: 32 - type: integer 
	Parameter C_S_AXI_ADDR_WIDTH bound to: 4 - type: integer 
INFO: [Synth 8-3491] module 'speed_sensor_v1_0_S00_AXI' declared at 'c:/Users/dries/ss_and_mc/ss_and_mc.gen/sources_1/bd/design_1/ipshared/e678/hdl/speed_sensor_v1_0_S00_AXI.vhd:5' bound to instance 'speed_sensor_v1_0_S00_AXI_inst' of component 'speed_sensor_v1_0_S00_AXI' [c:/Users/dries/ss_and_mc/ss_and_mc.gen/sources_1/bd/design_1/ipshared/e678/hdl/speed_sensor_v1_0.vhd:88]
INFO: [Synth 8-638] synthesizing module 'speed_sensor_v1_0_S00_AXI' [c:/Users/dries/ss_and_mc/ss_and_mc.gen/sources_1/bd/design_1/ipshared/e678/hdl/speed_sensor_v1_0_S00_AXI.vhd:87]
INFO: [Synth 8-226] default block is never used [c:/Users/dries/ss_and_mc/ss_and_mc.gen/sources_1/bd/design_1/ipshared/e678/hdl/speed_sensor_v1_0_S00_AXI.vhd:237]
INFO: [Synth 8-226] default block is never used [c:/Users/dries/ss_and_mc/ss_and_mc.gen/sources_1/bd/design_1/ipshared/e678/hdl/speed_sensor_v1_0_S00_AXI.vhd:367]
WARNING: [Synth 8-614] signal 'count_i' is read in the process but is not in the sensitivity list [c:/Users/dries/ss_and_mc/ss_and_mc.gen/sources_1/bd/design_1/ipshared/e678/hdl/speed_sensor_v1_0_S00_AXI.vhd:362]
INFO: [Synth 8-3491] module 'speed_sensor_Core1' declared at 'c:/Users/dries/ss_and_mc/ss_and_mc.gen/sources_1/bd/design_1/ipshared/e678/speed_sensor/speed_sensor_Core1.vhd:26' bound to instance 'Core1' of component 'speed_sensor_Core1' [c:/Users/dries/ss_and_mc/ss_and_mc.gen/sources_1/bd/design_1/ipshared/e678/hdl/speed_sensor_v1_0_S00_AXI.vhd:402]
INFO: [Synth 8-638] synthesizing module 'speed_sensor_Core1' [c:/Users/dries/ss_and_mc/ss_and_mc.gen/sources_1/bd/design_1/ipshared/e678/speed_sensor/speed_sensor_Core1.vhd:36]
INFO: [Synth 8-256] done synthesizing module 'speed_sensor_Core1' (0#1) [c:/Users/dries/ss_and_mc/ss_and_mc.gen/sources_1/bd/design_1/ipshared/e678/speed_sensor/speed_sensor_Core1.vhd:36]
INFO: [Synth 8-256] done synthesizing module 'speed_sensor_v1_0_S00_AXI' (0#1) [c:/Users/dries/ss_and_mc/ss_and_mc.gen/sources_1/bd/design_1/ipshared/e678/hdl/speed_sensor_v1_0_S00_AXI.vhd:87]
INFO: [Synth 8-256] done synthesizing module 'speed_sensor_v1_0' (0#1) [c:/Users/dries/ss_and_mc/ss_and_mc.gen/sources_1/bd/design_1/ipshared/e678/hdl/speed_sensor_v1_0.vhd:50]
INFO: [Synth 8-256] done synthesizing module 'design_1_speed_sensor_1_0' (0#1) [c:/Users/dries/ss_and_mc/ss_and_mc.gen/sources_1/bd/design_1/ip/design_1_speed_sensor_1_0/synth/design_1_speed_sensor_1_0.vhd:84]
WARNING: [Synth 8-6014] Unused sequential element slv_reg2_reg was removed.  [c:/Users/dries/ss_and_mc/ss_and_mc.gen/sources_1/bd/design_1/ipshared/e678/hdl/speed_sensor_v1_0_S00_AXI.vhd:232]
WARNING: [Synth 8-7129] Port S_AXI_AWPROT[2] in module speed_sensor_v1_0_S00_AXI is either unconnected or has no load
WARNING: [Synth 8-7129] Port S_AXI_AWPROT[1] in module speed_sensor_v1_0_S00_AXI is either unconnected or has no load
WARNING: [Synth 8-7129] Port S_AXI_AWPROT[0] in module speed_sensor_v1_0_S00_AXI is either unconnected or has no load
WARNING: [Synth 8-7129] Port S_AXI_ARPROT[2] in module speed_sensor_v1_0_S00_AXI is either unconnected or has no load
WARNING: [Synth 8-7129] Port S_AXI_ARPROT[1] in module speed_sensor_v1_0_S00_AXI is either unconnected or has no load
WARNING: [Synth 8-7129] Port S_AXI_ARPROT[0] in module speed_sensor_v1_0_S00_AXI is either unconnected or has no load
---------------------------------------------------------------------------------
Finished RTL Elaboration : Time (s): cpu = 00:00:07 ; elapsed = 00:00:11 . Memory (MB): peak = 1450.840 ; gain = 551.098
---------------------------------------------------------------------------------
---------------------------------------------------------------------------------
Start Handling Custom Attributes
---------------------------------------------------------------------------------
---------------------------------------------------------------------------------
Finished Handling Custom Attributes : Time (s): cpu = 00:00:07 ; elapsed = 00:00:11 . Memory (MB): peak = 1450.840 ; gain = 551.098
---------------------------------------------------------------------------------
---------------------------------------------------------------------------------
Finished RTL Optimization Phase 1 : Time (s): cpu = 00:00:07 ; elapsed = 00:00:11 . Memory (MB): peak = 1450.840 ; gain = 551.098
---------------------------------------------------------------------------------
Netlist sorting complete. Time (s): cpu = 00:00:00 ; elapsed = 00:00:00.007 . Memory (MB): peak = 1450.840 ; gain = 0.000
INFO: [Project 1-570] Preparing netlist for logic optimization

Processing XDC Constraints
Initializing timing engine
Completed Processing XDC Constraints

Netlist sorting complete. Time (s): cpu = 00:00:00 ; elapsed = 00:00:00 . Memory (MB): peak = 1478.766 ; gain = 0.000
INFO: [Project 1-111] Unisim Transformation Summary:
No Unisim elements were transformed.

The system cannot find the path specified.
Constraint Validation Runtime : Time (s): cpu = 00:00:00 ; elapsed = 00:00:00.039 . Memory (MB): peak = 1479.430 ; gain = 0.664
INFO: [Designutils 20-5008] Incremental synthesis strategy off
---------------------------------------------------------------------------------
Finished Constraint Validation : Time (s): cpu = 00:00:10 ; elapsed = 00:00:20 . Memory (MB): peak = 1479.430 ; gain = 579.688
---------------------------------------------------------------------------------
---------------------------------------------------------------------------------
Start Loading Part and Timing Information
---------------------------------------------------------------------------------
Loading part: xc7z020clg400-1
---------------------------------------------------------------------------------
Finished Loading Part and Timing Information : Time (s): cpu = 00:00:10 ; elapsed = 00:00:20 . Memory (MB): peak = 1479.430 ; gain = 579.688
---------------------------------------------------------------------------------
---------------------------------------------------------------------------------
Start Applying 'set_property' XDC Constraints
---------------------------------------------------------------------------------
---------------------------------------------------------------------------------
Finished applying 'set_property' XDC Constraints : Time (s): cpu = 00:00:10 ; elapsed = 00:00:20 . Memory (MB): peak = 1479.430 ; gain = 579.688
---------------------------------------------------------------------------------
---------------------------------------------------------------------------------
Finished RTL Optimization Phase 2 : Time (s): cpu = 00:00:10 ; elapsed = 00:00:20 . Memory (MB): peak = 1479.430 ; gain = 579.688
---------------------------------------------------------------------------------
---------------------------------------------------------------------------------
Start RTL Component Statistics 
---------------------------------------------------------------------------------
Detailed RTL Component Info : 
+---Registers : 
	               32 Bit    Registers := 4     
	                4 Bit    Registers := 2     
	                2 Bit    Registers := 2     
	                1 Bit    Registers := 7     
+---Muxes : 
	   2 Input   32 Bit        Muxes := 3     
	   4 Input   32 Bit        Muxes := 4     
	   2 Input    1 Bit        Muxes := 5     
---------------------------------------------------------------------------------
Finished RTL Component Statistics 
---------------------------------------------------------------------------------
---------------------------------------------------------------------------------
Start Part Resource Summary
---------------------------------------------------------------------------------
Part Resources:
DSPs: 220 (col length:60)
BRAMs: 280 (col length: RAMB18 60 RAMB36 30)
---------------------------------------------------------------------------------
Finished Part Resource Summary
---------------------------------------------------------------------------------
---------------------------------------------------------------------------------
Start Cross Boundary and Area Optimization
---------------------------------------------------------------------------------
WARNING: [Synth 8-7080] Parallel synthesis criteria is not met
WARNING: [Synth 8-7129] Port s00_axi_awprot[2] in module design_1_speed_sensor_1_0 is either unconnected or has no load
WARNING: [Synth 8-7129] Port s00_axi_awprot[1] in module design_1_speed_sensor_1_0 is either unconnected or has no load
WARNING: [Synth 8-7129] Port s00_axi_awprot[0] in module design_1_speed_sensor_1_0 is either unconnected or has no load
WARNING: [Synth 8-7129] Port s00_axi_arprot[2] in module design_1_speed_sensor_1_0 is either unconnected or has no load
WARNING: [Synth 8-7129] Port s00_axi_arprot[1] in module design_1_speed_sensor_1_0 is either unconnected or has no load
WARNING: [Synth 8-7129] Port s00_axi_arprot[0] in module design_1_speed_sensor_1_0 is either unconnected or has no load
---------------------------------------------------------------------------------
Finished Cross Boundary and Area Optimization : Time (s): cpu = 00:00:11 ; elapsed = 00:00:22 . Memory (MB): peak = 1479.430 ; gain = 579.688
---------------------------------------------------------------------------------
---------------------------------------------------------------------------------
Start Applying XDC Timing Constraints
---------------------------------------------------------------------------------
---------------------------------------------------------------------------------
Finished Applying XDC Timing Constraints : Time (s): cpu = 00:00:14 ; elapsed = 00:00:27 . Memory (MB): peak = 1479.430 ; gain = 579.688
---------------------------------------------------------------------------------
---------------------------------------------------------------------------------
Start Timing Optimization
---------------------------------------------------------------------------------
---------------------------------------------------------------------------------
Finished Timing Optimization : Time (s): cpu = 00:00:14 ; elapsed = 00:00:27 . Memory (MB): peak = 1479.430 ; gain = 579.688
---------------------------------------------------------------------------------
---------------------------------------------------------------------------------
Start Technology Mapping
---------------------------------------------------------------------------------
---------------------------------------------------------------------------------
Finished Technology Mapping : Time (s): cpu = 00:00:14 ; elapsed = 00:00:27 . Memory (MB): peak = 1479.430 ; gain = 579.688
---------------------------------------------------------------------------------
---------------------------------------------------------------------------------
Start IO Insertion
---------------------------------------------------------------------------------
---------------------------------------------------------------------------------
Start Flattening Before IO Insertion
---------------------------------------------------------------------------------
---------------------------------------------------------------------------------
Finished Flattening Before IO Insertion
---------------------------------------------------------------------------------
---------------------------------------------------------------------------------
Start Final Netlist Cleanup
---------------------------------------------------------------------------------
---------------------------------------------------------------------------------
Finished Final Netlist Cleanup
---------------------------------------------------------------------------------
---------------------------------------------------------------------------------
Finished IO Insertion : Time (s): cpu = 00:00:16 ; elapsed = 00:00:32 . Memory (MB): peak = 1479.430 ; gain = 579.688
---------------------------------------------------------------------------------
---------------------------------------------------------------------------------
Start Renaming Generated Instances
---------------------------------------------------------------------------------
---------------------------------------------------------------------------------
Finished Renaming Generated Instances : Time (s): cpu = 00:00:16 ; elapsed = 00:00:32 . Memory (MB): peak = 1479.430 ; gain = 579.688
---------------------------------------------------------------------------------
---------------------------------------------------------------------------------
Start Rebuilding User Hierarchy
---------------------------------------------------------------------------------
---------------------------------------------------------------------------------
Finished Rebuilding User Hierarchy : Time (s): cpu = 00:00:16 ; elapsed = 00:00:32 . Memory (MB): peak = 1479.430 ; gain = 579.688
---------------------------------------------------------------------------------
---------------------------------------------------------------------------------
Start Renaming Generated Ports
---------------------------------------------------------------------------------
---------------------------------------------------------------------------------
Finished Renaming Generated Ports : Time (s): cpu = 00:00:16 ; elapsed = 00:00:32 . Memory (MB): peak = 1479.430 ; gain = 579.688
---------------------------------------------------------------------------------
---------------------------------------------------------------------------------
Start Handling Custom Attributes
---------------------------------------------------------------------------------
---------------------------------------------------------------------------------
Finished Handling Custom Attributes : Time (s): cpu = 00:00:16 ; elapsed = 00:00:32 . Memory (MB): peak = 1479.430 ; gain = 579.688
---------------------------------------------------------------------------------
---------------------------------------------------------------------------------
Start Renaming Generated Nets
---------------------------------------------------------------------------------
---------------------------------------------------------------------------------
Finished Renaming Generated Nets : Time (s): cpu = 00:00:16 ; elapsed = 00:00:32 . Memory (MB): peak = 1479.430 ; gain = 579.688
---------------------------------------------------------------------------------
---------------------------------------------------------------------------------
Start Writing Synthesis Report
---------------------------------------------------------------------------------

Report BlackBoxes: 
+-+--------------+----------+
| |BlackBox name |Instances |
+-+--------------+----------+
+-+--------------+----------+

Report Cell Usage: 
+------+-------+------+
|      |Cell   |Count |
+------+-------+------+
|1     |CARRY4 |     8|
|2     |LUT1   |     2|
|3     |LUT2   |     1|
|4     |LUT3   |     2|
|5     |LUT4   |    19|
|6     |LUT6   |    36|
|7     |FDRE   |   168|
|8     |FDSE   |     3|
+------+-------+------+
---------------------------------------------------------------------------------
Finished Writing Synthesis Report : Time (s): cpu = 00:00:16 ; elapsed = 00:00:32 . Memory (MB): peak = 1479.430 ; gain = 579.688
---------------------------------------------------------------------------------
Synthesis finished with 0 errors, 0 critical warnings and 7 warnings.
Synthesis Optimization Runtime : Time (s): cpu = 00:00:09 ; elapsed = 00:00:30 . Memory (MB): peak = 1479.430 ; gain = 551.098
Synthesis Optimization Complete : Time (s): cpu = 00:00:16 ; elapsed = 00:00:32 . Memory (MB): peak = 1479.430 ; gain = 579.688
INFO: [Project 1-571] Translating synthesized netlist
Netlist sorting complete. Time (s): cpu = 00:00:00 ; elapsed = 00:00:00.003 . Memory (MB): peak = 1479.430 ; gain = 0.000
INFO: [Netlist 29-17] Analyzing 8 Unisim elements for replacement
INFO: [Netlist 29-28] Unisim Transformation completed in 0 CPU seconds
INFO: [Project 1-570] Preparing netlist for logic optimization
INFO: [Opt 31-138] Pushed 0 inverter(s) to 0 load pin(s).
Netlist sorting complete. Time (s): cpu = 00:00:00 ; elapsed = 00:00:00.001 . Memory (MB): peak = 1484.457 ; gain = 0.000
INFO: [Project 1-111] Unisim Transformation Summary:
No Unisim elements were transformed.

The system cannot find the path specified.
Synth Design complete | Checksum: 5740a8b5
INFO: [Common 17-83] Releasing license: Synthesis
32 Infos, 15 Warnings, 0 Critical Warnings and 0 Errors encountered.
synth_design completed successfully
synth_design: Time (s): cpu = 00:00:19 ; elapsed = 00:00:40 . Memory (MB): peak = 1484.457 ; gain = 1003.355
Write ShapeDB Complete: Time (s): cpu = 00:00:00 ; elapsed = 00:00:00 . Memory (MB): peak = 1484.457 ; gain = 0.000
INFO: [Common 17-1381] The checkpoint 'C:/Users/dries/ss_and_mc/ss_and_mc.runs/design_1_speed_sensor_1_0_synth_1/design_1_speed_sensor_1_0.dcp' has been generated.
INFO: [Coretcl 2-1648] Added synthesis output to IP cache for IP design_1_speed_sensor_1_0, cache-ID = 7a865659bcaa7748
INFO: [Coretcl 2-1174] Renamed 3 cell refs.
Write ShapeDB Complete: Time (s): cpu = 00:00:00 ; elapsed = 00:00:00.001 . Memory (MB): peak = 1484.457 ; gain = 0.000
INFO: [Common 17-1381] The checkpoint 'C:/Users/dries/ss_and_mc/ss_and_mc.runs/design_1_speed_sensor_1_0_synth_1/design_1_speed_sensor_1_0.dcp' has been generated.
INFO: [runtcl-4] Executing : report_utilization -file design_1_speed_sensor_1_0_utilization_synth.rpt -pb design_1_speed_sensor_1_0_utilization_synth.pb
INFO: [Common 17-206] Exiting Vivado at Tue Mar 26 09:07:38 2024...
