14:47:44 DEBUG : Logs will be stored at 'C:/Users/dries/ultrasoon/IDE.log'.
14:47:48 INFO  : Launching XSCT server: xsct.bat -n  -interactive C:\Users\dries\ultrasoon\temp_xsdb_launch_script.tcl
14:47:48 INFO  : Platform repository initialization has completed.
14:47:48 INFO  : Registering command handlers for Vitis TCF services
14:47:50 INFO  : XSCT server has started successfully.
14:47:50 INFO  : plnx-install-location is set to ''
14:47:52 INFO  : Successfully done setting XSCT server connection channel  
14:47:53 INFO  : Successfully done query RDI_DATADIR 
14:47:53 INFO  : Successfully done setting workspace for the tool. 
14:48:44 INFO  : Result from executing command 'getProjects': design_1_wrapper
14:48:44 INFO  : Result from executing command 'getPlatforms': 
14:48:44 WARN  : An unexpected exception occurred in the module 'platform project logging'
14:48:45 INFO  : Platform 'design_1_wrapper' is added to custom repositories.
14:48:54 INFO  : Platform 'design_1_wrapper' is added to custom repositories.
14:51:01 INFO  : Result from executing command 'getProjects': design_1_wrapper
14:51:01 INFO  : Result from executing command 'getPlatforms': design_1_wrapper|C:/Users/dries/ultrasoon/design_1_wrapper/export/design_1_wrapper/design_1_wrapper.xpfm
14:51:05 INFO  : Checking for BSP changes to sync application flags for project 'ultrasoon_test'...
14:51:25 INFO  : Connected to target on host '127.0.0.1' and port '3121'.
14:51:25 INFO  : Jtag cable 'Xilinx HW-FTDI-TEST FT2232H 1234-tulA' is selected.
14:51:25 INFO  : 'jtag frequency' command is executed.
14:51:25 INFO  : Context for 'APU' is selected.
14:51:25 INFO  : System reset is completed.
14:51:28 INFO  : 'after 3000' command is executed.
14:51:28 INFO  : 'targets -set -filter {jtag_cable_name =~ "Xilinx HW-FTDI-TEST FT2232H 1234-tulA" && level==0 && jtag_device_ctx=="jsn-HW-FTDI-TEST FT2232H-1234-tulA-23727093-0"}' command is executed.
14:51:31 INFO  : Device configured successfully with "C:/Users/dries/ultrasoon/ultrasoon_test/_ide/bitstream/design_1_wrapper.bit"
14:51:31 INFO  : Context for 'APU' is selected.
14:51:31 INFO  : Hardware design and registers information is loaded from 'C:/Users/dries/ultrasoon/design_1_wrapper/export/design_1_wrapper/hw/design_1_wrapper.xsa'.
14:51:31 INFO  : 'configparams force-mem-access 1' command is executed.
14:51:31 INFO  : Context for 'APU' is selected.
14:51:31 INFO  : Sourcing of 'C:/Users/dries/ultrasoon/ultrasoon_test/_ide/psinit/ps7_init.tcl' is done.
14:51:31 INFO  : 'ps7_init' command is executed.
14:51:31 INFO  : 'ps7_post_config' command is executed.
14:51:31 INFO  : Context for processor 'ps7_cortexa9_0' is selected.
14:51:31 INFO  : The application 'C:/Users/dries/ultrasoon/ultrasoon_test/Debug/ultrasoon_test.elf' is downloaded to processor 'ps7_cortexa9_0'.
14:51:31 INFO  : 'configparams force-mem-access 0' command is executed.
14:51:31 INFO  : ----------------XSDB Script----------------
connect -url tcp:127.0.0.1:3121
targets -set -nocase -filter {name =~"APU*"}
rst -system
after 3000
targets -set -filter {jtag_cable_name =~ "Xilinx HW-FTDI-TEST FT2232H 1234-tulA" && level==0 && jtag_device_ctx=="jsn-HW-FTDI-TEST FT2232H-1234-tulA-23727093-0"}
fpga -file C:/Users/dries/ultrasoon/ultrasoon_test/_ide/bitstream/design_1_wrapper.bit
targets -set -nocase -filter {name =~"APU*"}
loadhw -hw C:/Users/dries/ultrasoon/design_1_wrapper/export/design_1_wrapper/hw/design_1_wrapper.xsa -mem-ranges [list {0x40000000 0xbfffffff}] -regs
configparams force-mem-access 1
targets -set -nocase -filter {name =~"APU*"}
source C:/Users/dries/ultrasoon/ultrasoon_test/_ide/psinit/ps7_init.tcl
ps7_init
ps7_post_config
targets -set -nocase -filter {name =~ "*A9*#0"}
dow C:/Users/dries/ultrasoon/ultrasoon_test/Debug/ultrasoon_test.elf
configparams force-mem-access 0
----------------End of Script----------------

14:51:32 INFO  : Context for processor 'ps7_cortexa9_0' is selected.
14:51:32 INFO  : 'con' command is executed.
14:51:32 INFO  : ----------------XSDB Script (After Launch)----------------
targets -set -nocase -filter {name =~ "*A9*#0"}
con
----------------End of Script----------------

14:51:32 INFO  : Launch script is exported to file 'C:\Users\dries\ultrasoon\ultrasoon_test_system\_ide\scripts\debugger_ultrasoon_test-default.tcl'
15:01:14 INFO  : Hardware specification for platform project 'design_1_wrapper' is updated.
15:03:51 INFO  : Disconnected from the channel tcfchan#3.
15:03:52 ERROR : Hardaware specification file used in the launch configuration 'Debugger_ultrasoon_test-Default' doesn't exist at the location 'C:/Users/dries/ultrasoon/design_1_wrapper/export/design_1_wrapper/hw/design_1_wrapper.xsa'.
15:05:20 INFO  : Result from executing command 'getProjects': design_1_wrapper
15:05:21 INFO  : Result from executing command 'getPlatforms': design_1_wrapper|C:/Users/dries/ultrasoon/design_1_wrapper/export/design_1_wrapper/design_1_wrapper.xpfm
15:05:42 INFO  : Result from executing command 'removePlatformRepo': 
15:06:00 INFO  : Result from executing command 'getProjects': design_1_wrapper
15:06:00 INFO  : Result from executing command 'getPlatforms': 
15:06:00 INFO  : Checking for BSP changes to sync application flags for project 'ultrasoon_test'...
15:06:03 INFO  : Updating application flags with new BSP settings...
15:06:03 ERROR : Failed to update application flags from BSP for 'ultrasoon_test'. Reason: null
java.lang.NullPointerException: null
	at com.xilinx.sdk.sw.internal.SwDb.getComponentAppCompilerFlags(SwDb.java:761) ~[com.xilinx.sdk.sw_1.0.0.202310091710.jar:?]
	at com.xilinx.sdx.sw.internal.SDxSwPlatform.getSwPlatformCompilerFlags(SDxSwPlatform.java:1177) ~[com.xilinx.sdx.sw_1.0.0.202310091710.jar:?]
	at com.xilinx.sdx.sdk.core.build.AppSwBuildOptionsHelper.inferSwPlatformFlags(AppSwBuildOptionsHelper.java:54) ~[com.xilinx.sdx.sdk.core_1.0.0.202310091710.jar:?]
	at com.xilinx.sdx.sdk.core.build.AppSwBuildOptionsHelper.updateBuildOptions(AppSwBuildOptionsHelper.java:46) ~[com.xilinx.sdx.sdk.core_1.0.0.202310091710.jar:?]
	at com.xilinx.sdx.sdk.core.build.SdkMakefileGenerationListener.updateSwBuildOptions(SdkMakefileGenerationListener.java:215) ~[com.xilinx.sdx.sdk.core_1.0.0.202310091710.jar:?]
	at com.xilinx.sdx.sdk.core.build.SdkMakefileGenerationListener.syncAppFlags(SdkMakefileGenerationListener.java:99) [com.xilinx.sdx.sdk.core_1.0.0.202310091710.jar:?]
	at com.xilinx.sdx.sdk.core.build.SdkMakefileGenerationListener.preMakefileGeneration(SdkMakefileGenerationListener.java:48) [com.xilinx.sdx.sdk.core_1.0.0.202310091710.jar:?]
	at com.xilinx.sdk.managedbuilder.XilinxGnuMakefileGenerator.notifyPreMakefileGenerationListeners(XilinxGnuMakefileGenerator.java:91) [com.xilinx.sdk.managedbuilder_1.0.0.202310091710.jar:?]
	at com.xilinx.sdk.managedbuilder.XilinxGnuMakefileGenerator.regenerateMakefiles(XilinxGnuMakefileGenerator.java:75) [com.xilinx.sdk.managedbuilder_1.0.0.202310091710.jar:?]
	at org.eclipse.cdt.managedbuilder.internal.core.CommonBuilder.performMakefileGeneration(CommonBuilder.java:1006) [org.eclipse.cdt.managedbuilder.core_8.6.0.201802261533.jar:?]
	at org.eclipse.cdt.managedbuilder.internal.core.CommonBuilder.performPrebuildGeneration(CommonBuilder.java:873) [org.eclipse.cdt.managedbuilder.core_8.6.0.201802261533.jar:?]
	at org.eclipse.cdt.managedbuilder.internal.core.CommonBuilder.build(CommonBuilder.java:748) [org.eclipse.cdt.managedbuilder.core_8.6.0.201802261533.jar:?]
	at org.eclipse.cdt.managedbuilder.internal.core.CommonBuilder.build(CommonBuilder.java:513) [org.eclipse.cdt.managedbuilder.core_8.6.0.201802261533.jar:?]
	at org.eclipse.cdt.managedbuilder.internal.core.CommonBuilder.build(CommonBuilder.java:459) [org.eclipse.cdt.managedbuilder.core_8.6.0.201802261533.jar:?]
	at org.eclipse.core.internal.events.BuildManager$2.run(BuildManager.java:832) [org.eclipse.core.resources_3.13.700.v20200209-1624.jar:?]
	at org.eclipse.core.runtime.SafeRunner.run(SafeRunner.java:45) [org.eclipse.equinox.common_3.11.0.v20200206-0817.jar:?]
	at org.eclipse.core.internal.events.BuildManager.basicBuild(BuildManager.java:220) [org.eclipse.core.resources_3.13.700.v20200209-1624.jar:?]
	at org.eclipse.core.internal.events.BuildManager.basicBuild(BuildManager.java:263) [org.eclipse.core.resources_3.13.700.v20200209-1624.jar:?]
	at org.eclipse.core.internal.events.BuildManager$1.run(BuildManager.java:316) [org.eclipse.core.resources_3.13.700.v20200209-1624.jar:?]
	at org.eclipse.core.runtime.SafeRunner.run(SafeRunner.java:45) [org.eclipse.equinox.common_3.11.0.v20200206-0817.jar:?]
	at org.eclipse.core.internal.events.BuildManager.basicBuild(BuildManager.java:319) [org.eclipse.core.resources_3.13.700.v20200209-1624.jar:?]
	at org.eclipse.core.internal.events.BuildManager.basicBuildLoop(BuildManager.java:371) [org.eclipse.core.resources_3.13.700.v20200209-1624.jar:?]
	at org.eclipse.core.internal.events.BuildManager.build(BuildManager.java:392) [org.eclipse.core.resources_3.13.700.v20200209-1624.jar:?]
	at org.eclipse.core.internal.resources.Workspace.buildInternal(Workspace.java:515) [org.eclipse.core.resources_3.13.700.v20200209-1624.jar:?]
	at org.eclipse.core.internal.resources.Workspace.build(Workspace.java:412) [org.eclipse.core.resources_3.13.700.v20200209-1624.jar:?]
	at org.eclipse.ui.actions.BuildAction$1.runInWorkspace(BuildAction.java:291) [org.eclipse.ui.ide_3.17.0.v20200217-1511.jar:?]
	at org.eclipse.core.internal.resources.InternalWorkspaceJob.run(InternalWorkspaceJob.java:42) [org.eclipse.core.resources_3.13.700.v20200209-1624.jar:?]
	at org.eclipse.core.internal.jobs.Worker.run(Worker.java:63) [org.eclipse.core.jobs_3.10.700.v20200106-1020.jar:?]
15:06:03 INFO  : The hardware specification used by project 'ultrasoon_test' is out of sync with the platform. Resource files extracted from the hardware specification will be updated.
15:06:03 INFO  : The file 'C:\Users\dries\ultrasoon\ultrasoon_test\_ide\bitstream\design_1_wrapper.bit' stored in project is removed.
15:06:03 INFO  : The updated bitstream files are copied from platform to folder 'C:\Users\dries\ultrasoon\ultrasoon_test\_ide\bitstream' in project 'ultrasoon_test'.
15:06:03 INFO  : The file 'C:\Users\dries\ultrasoon\ultrasoon_test\_ide\psinit\ps7_init.tcl' stored in project is removed.
15:06:09 INFO  : The updated ps init files are copied from platform to folder 'C:\Users\dries\ultrasoon\ultrasoon_test\_ide\psinit' in project 'ultrasoon_test'.
15:06:20 INFO  : Checking for BSP changes to sync application flags for project 'ultrasoon_test'...
15:06:20 INFO  : Updating application flags with new BSP settings...
15:06:20 ERROR : Failed to update application flags from BSP for 'ultrasoon_test'. Reason: null
java.lang.NullPointerException: null
	at com.xilinx.sdk.sw.internal.SwDb.getComponentAppCompilerFlags(SwDb.java:761) ~[com.xilinx.sdk.sw_1.0.0.202310091710.jar:?]
	at com.xilinx.sdx.sw.internal.SDxSwPlatform.getSwPlatformCompilerFlags(SDxSwPlatform.java:1177) ~[com.xilinx.sdx.sw_1.0.0.202310091710.jar:?]
	at com.xilinx.sdx.sdk.core.build.AppSwBuildOptionsHelper.inferSwPlatformFlags(AppSwBuildOptionsHelper.java:54) ~[com.xilinx.sdx.sdk.core_1.0.0.202310091710.jar:?]
	at com.xilinx.sdx.sdk.core.build.AppSwBuildOptionsHelper.updateBuildOptions(AppSwBuildOptionsHelper.java:46) ~[com.xilinx.sdx.sdk.core_1.0.0.202310091710.jar:?]
	at com.xilinx.sdx.sdk.core.build.SdkMakefileGenerationListener.updateSwBuildOptions(SdkMakefileGenerationListener.java:215) ~[com.xilinx.sdx.sdk.core_1.0.0.202310091710.jar:?]
	at com.xilinx.sdx.sdk.core.build.SdkMakefileGenerationListener.syncAppFlags(SdkMakefileGenerationListener.java:99) [com.xilinx.sdx.sdk.core_1.0.0.202310091710.jar:?]
	at com.xilinx.sdx.sdk.core.build.SdkMakefileGenerationListener.preMakefileGeneration(SdkMakefileGenerationListener.java:48) [com.xilinx.sdx.sdk.core_1.0.0.202310091710.jar:?]
	at com.xilinx.sdk.managedbuilder.XilinxGnuMakefileGenerator.notifyPreMakefileGenerationListeners(XilinxGnuMakefileGenerator.java:91) [com.xilinx.sdk.managedbuilder_1.0.0.202310091710.jar:?]
	at com.xilinx.sdk.managedbuilder.XilinxGnuMakefileGenerator.generateMakefiles(XilinxGnuMakefileGenerator.java:40) [com.xilinx.sdk.managedbuilder_1.0.0.202310091710.jar:?]
	at org.eclipse.cdt.managedbuilder.internal.core.CommonBuilder.performMakefileGeneration(CommonBuilder.java:1008) [org.eclipse.cdt.managedbuilder.core_8.6.0.201802261533.jar:?]
	at org.eclipse.cdt.managedbuilder.internal.core.CommonBuilder.performPrebuildGeneration(CommonBuilder.java:873) [org.eclipse.cdt.managedbuilder.core_8.6.0.201802261533.jar:?]
	at org.eclipse.cdt.managedbuilder.internal.core.CommonBuilder.build(CommonBuilder.java:748) [org.eclipse.cdt.managedbuilder.core_8.6.0.201802261533.jar:?]
	at org.eclipse.cdt.managedbuilder.internal.core.CommonBuilder.build(CommonBuilder.java:510) [org.eclipse.cdt.managedbuilder.core_8.6.0.201802261533.jar:?]
	at org.eclipse.cdt.managedbuilder.internal.core.CommonBuilder.build(CommonBuilder.java:459) [org.eclipse.cdt.managedbuilder.core_8.6.0.201802261533.jar:?]
	at org.eclipse.core.internal.events.BuildManager$2.run(BuildManager.java:832) [org.eclipse.core.resources_3.13.700.v20200209-1624.jar:?]
	at org.eclipse.core.runtime.SafeRunner.run(SafeRunner.java:45) [org.eclipse.equinox.common_3.11.0.v20200206-0817.jar:?]
	at org.eclipse.core.internal.events.BuildManager.basicBuild(BuildManager.java:220) [org.eclipse.core.resources_3.13.700.v20200209-1624.jar:?]
	at org.eclipse.core.internal.events.BuildManager.basicBuild(BuildManager.java:263) [org.eclipse.core.resources_3.13.700.v20200209-1624.jar:?]
	at org.eclipse.core.internal.events.BuildManager$1.run(BuildManager.java:316) [org.eclipse.core.resources_3.13.700.v20200209-1624.jar:?]
	at org.eclipse.core.runtime.SafeRunner.run(SafeRunner.java:45) [org.eclipse.equinox.common_3.11.0.v20200206-0817.jar:?]
	at org.eclipse.core.internal.events.BuildManager.basicBuild(BuildManager.java:319) [org.eclipse.core.resources_3.13.700.v20200209-1624.jar:?]
	at org.eclipse.core.internal.events.BuildManager.basicBuildLoop(BuildManager.java:371) [org.eclipse.core.resources_3.13.700.v20200209-1624.jar:?]
	at org.eclipse.core.internal.events.BuildManager.build(BuildManager.java:392) [org.eclipse.core.resources_3.13.700.v20200209-1624.jar:?]
	at org.eclipse.core.internal.resources.Workspace.buildInternal(Workspace.java:515) [org.eclipse.core.resources_3.13.700.v20200209-1624.jar:?]
	at org.eclipse.core.internal.resources.Workspace.build(Workspace.java:412) [org.eclipse.core.resources_3.13.700.v20200209-1624.jar:?]
	at org.eclipse.ui.actions.BuildAction$1.runInWorkspace(BuildAction.java:291) [org.eclipse.ui.ide_3.17.0.v20200217-1511.jar:?]
	at org.eclipse.core.internal.resources.InternalWorkspaceJob.run(InternalWorkspaceJob.java:42) [org.eclipse.core.resources_3.13.700.v20200209-1624.jar:?]
	at org.eclipse.core.internal.jobs.Worker.run(Worker.java:63) [org.eclipse.core.jobs_3.10.700.v20200106-1020.jar:?]
15:06:52 INFO  : Connected to target on host '127.0.0.1' and port '3121'.
15:06:52 INFO  : Jtag cable 'Xilinx HW-FTDI-TEST FT2232H 1234-tulA' is selected.
15:06:52 INFO  : 'jtag frequency' command is executed.
15:06:52 INFO  : Context for 'APU' is selected.
15:06:52 INFO  : System reset is completed.
15:06:55 INFO  : 'after 3000' command is executed.
15:06:55 INFO  : 'targets -set -filter {jtag_cable_name =~ "Xilinx HW-FTDI-TEST FT2232H 1234-tulA" && level==0 && jtag_device_ctx=="jsn-HW-FTDI-TEST FT2232H-1234-tulA-23727093-0"}' command is executed.
15:06:58 INFO  : Device configured successfully with "C:/Users/dries/ultrasoon/ultrasoon_test/_ide/bitstream/design_1_wrapper.bit"
15:06:58 INFO  : Context for 'APU' is selected.
15:06:58 INFO  : Hardware design and registers information is loaded from 'C:/Users/dries/ultrasoon/design_1_wrapper/export/design_1_wrapper/hw/design_1_wrapper.xsa'.
15:06:58 INFO  : 'configparams force-mem-access 1' command is executed.
15:06:58 INFO  : Context for 'APU' is selected.
15:06:58 INFO  : Sourcing of 'C:/Users/dries/ultrasoon/ultrasoon_test/_ide/psinit/ps7_init.tcl' is done.
15:06:58 INFO  : 'ps7_init' command is executed.
15:06:58 INFO  : 'ps7_post_config' command is executed.
15:06:58 INFO  : Context for processor 'ps7_cortexa9_0' is selected.
15:06:58 INFO  : The application 'C:/Users/dries/ultrasoon/ultrasoon_test/Debug/ultrasoon_test.elf' is downloaded to processor 'ps7_cortexa9_0'.
15:06:58 INFO  : 'configparams force-mem-access 0' command is executed.
15:06:58 INFO  : ----------------XSDB Script----------------
connect -url tcp:127.0.0.1:3121
targets -set -nocase -filter {name =~"APU*"}
rst -system
after 3000
targets -set -filter {jtag_cable_name =~ "Xilinx HW-FTDI-TEST FT2232H 1234-tulA" && level==0 && jtag_device_ctx=="jsn-HW-FTDI-TEST FT2232H-1234-tulA-23727093-0"}
fpga -file C:/Users/dries/ultrasoon/ultrasoon_test/_ide/bitstream/design_1_wrapper.bit
targets -set -nocase -filter {name =~"APU*"}
loadhw -hw C:/Users/dries/ultrasoon/design_1_wrapper/export/design_1_wrapper/hw/design_1_wrapper.xsa -mem-ranges [list {0x40000000 0xbfffffff}] -regs
configparams force-mem-access 1
targets -set -nocase -filter {name =~"APU*"}
source C:/Users/dries/ultrasoon/ultrasoon_test/_ide/psinit/ps7_init.tcl
ps7_init
ps7_post_config
targets -set -nocase -filter {name =~ "*A9*#0"}
dow C:/Users/dries/ultrasoon/ultrasoon_test/Debug/ultrasoon_test.elf
configparams force-mem-access 0
----------------End of Script----------------

15:06:58 INFO  : Context for processor 'ps7_cortexa9_0' is selected.
15:06:58 INFO  : 'con' command is executed.
15:06:58 INFO  : ----------------XSDB Script (After Launch)----------------
targets -set -nocase -filter {name =~ "*A9*#0"}
con
----------------End of Script----------------

15:06:58 INFO  : Launch script is exported to file 'C:\Users\dries\ultrasoon\ultrasoon_test_system\_ide\scripts\debugger_ultrasoon_test-default.tcl'
15:08:14 INFO  : Disconnected from the channel tcfchan#9.
15:08:15 INFO  : Connected to target on host '127.0.0.1' and port '3121'.
15:08:16 INFO  : Jtag cable 'Xilinx HW-FTDI-TEST FT2232H 1234-tulA' is selected.
15:08:16 INFO  : 'jtag frequency' command is executed.
15:08:16 INFO  : Context for 'APU' is selected.
15:08:16 INFO  : System reset is completed.
15:08:19 INFO  : 'after 3000' command is executed.
15:08:19 INFO  : 'targets -set -filter {jtag_cable_name =~ "Xilinx HW-FTDI-TEST FT2232H 1234-tulA" && level==0 && jtag_device_ctx=="jsn-HW-FTDI-TEST FT2232H-1234-tulA-23727093-0"}' command is executed.
15:08:21 INFO  : Device configured successfully with "C:/Users/dries/ultrasoon/ultrasoon_test/_ide/bitstream/design_1_wrapper.bit"
15:08:21 INFO  : Context for 'APU' is selected.
15:08:21 INFO  : Hardware design and registers information is loaded from 'C:/Users/dries/ultrasoon/design_1_wrapper/export/design_1_wrapper/hw/design_1_wrapper.xsa'.
15:08:21 INFO  : 'configparams force-mem-access 1' command is executed.
15:08:21 INFO  : Context for 'APU' is selected.
15:08:21 INFO  : Sourcing of 'C:/Users/dries/ultrasoon/ultrasoon_test/_ide/psinit/ps7_init.tcl' is done.
15:08:21 INFO  : 'ps7_init' command is executed.
15:08:21 INFO  : 'ps7_post_config' command is executed.
15:08:21 INFO  : Context for processor 'ps7_cortexa9_0' is selected.
15:08:22 INFO  : The application 'C:/Users/dries/ultrasoon/ultrasoon_test/Debug/ultrasoon_test.elf' is downloaded to processor 'ps7_cortexa9_0'.
15:08:22 INFO  : 'configparams force-mem-access 0' command is executed.
15:08:22 INFO  : ----------------XSDB Script----------------
connect -url tcp:127.0.0.1:3121
targets -set -nocase -filter {name =~"APU*"}
rst -system
after 3000
targets -set -filter {jtag_cable_name =~ "Xilinx HW-FTDI-TEST FT2232H 1234-tulA" && level==0 && jtag_device_ctx=="jsn-HW-FTDI-TEST FT2232H-1234-tulA-23727093-0"}
fpga -file C:/Users/dries/ultrasoon/ultrasoon_test/_ide/bitstream/design_1_wrapper.bit
targets -set -nocase -filter {name =~"APU*"}
loadhw -hw C:/Users/dries/ultrasoon/design_1_wrapper/export/design_1_wrapper/hw/design_1_wrapper.xsa -mem-ranges [list {0x40000000 0xbfffffff}] -regs
configparams force-mem-access 1
targets -set -nocase -filter {name =~"APU*"}
source C:/Users/dries/ultrasoon/ultrasoon_test/_ide/psinit/ps7_init.tcl
ps7_init
ps7_post_config
targets -set -nocase -filter {name =~ "*A9*#0"}
dow C:/Users/dries/ultrasoon/ultrasoon_test/Debug/ultrasoon_test.elf
configparams force-mem-access 0
----------------End of Script----------------

15:08:22 INFO  : Context for processor 'ps7_cortexa9_0' is selected.
15:08:22 INFO  : 'con' command is executed.
15:08:22 INFO  : ----------------XSDB Script (After Launch)----------------
targets -set -nocase -filter {name =~ "*A9*#0"}
con
----------------End of Script----------------

15:08:22 INFO  : Launch script is exported to file 'C:\Users\dries\ultrasoon\ultrasoon_test_system\_ide\scripts\debugger_ultrasoon_test-default.tcl'
15:16:09 INFO  : Disconnected from the channel tcfchan#10.
13:30:11 DEBUG : Logs will be stored at 'C:/Users/dries/ultrasoon/IDE.log'.
13:30:11 INFO  : Launching XSCT server: xsct.bat -n  -interactive C:\Users\dries\ultrasoon\temp_xsdb_launch_script.tcl
13:30:14 INFO  : XSCT server has started successfully.
13:30:14 INFO  : plnx-install-location is set to ''
13:30:14 INFO  : Successfully done setting XSCT server connection channel  
13:30:14 INFO  : Successfully done setting workspace for the tool. 
13:30:16 INFO  : Platform repository initialization has completed.
13:30:16 INFO  : Registering command handlers for Vitis TCF services
13:30:20 INFO  : Successfully done query RDI_DATADIR 
13:35:18 INFO  : Checking for BSP changes to sync application flags for project 'ultrasoon_test'...
13:35:20 INFO  : Updating application flags with new BSP settings...
13:35:21 INFO  : Successfully updated application flags for project ultrasoon_test.
13:35:34 INFO  : Connected to target on host '127.0.0.1' and port '3121'.
13:35:35 INFO  : Jtag cable 'Xilinx HW-FTDI-TEST FT2232H 1234-tulA' is selected.
13:35:35 INFO  : 'jtag frequency' command is executed.
13:35:35 INFO  : Context for 'APU' is selected.
13:35:35 INFO  : System reset is completed.
13:35:38 INFO  : 'after 3000' command is executed.
13:35:38 INFO  : 'targets -set -filter {jtag_cable_name =~ "Xilinx HW-FTDI-TEST FT2232H 1234-tulA" && level==0 && jtag_device_ctx=="jsn-HW-FTDI-TEST FT2232H-1234-tulA-23727093-0"}' command is executed.
13:35:40 INFO  : Device configured successfully with "C:/Users/dries/ultrasoon/ultrasoon_test/_ide/bitstream/design_1_wrapper.bit"
13:35:40 INFO  : Context for 'APU' is selected.
13:35:40 INFO  : Hardware design and registers information is loaded from 'C:/Users/dries/ultrasoon/design_1_wrapper/export/design_1_wrapper/hw/design_1_wrapper.xsa'.
13:35:40 INFO  : 'configparams force-mem-access 1' command is executed.
13:35:40 INFO  : Context for 'APU' is selected.
13:35:40 INFO  : Sourcing of 'C:/Users/dries/ultrasoon/ultrasoon_test/_ide/psinit/ps7_init.tcl' is done.
13:35:41 INFO  : 'ps7_init' command is executed.
13:35:41 INFO  : 'ps7_post_config' command is executed.
13:35:41 INFO  : Context for processor 'ps7_cortexa9_0' is selected.
13:35:41 INFO  : The application 'C:/Users/dries/ultrasoon/ultrasoon_test/Debug/ultrasoon_test.elf' is downloaded to processor 'ps7_cortexa9_0'.
13:35:41 INFO  : 'configparams force-mem-access 0' command is executed.
13:35:41 INFO  : ----------------XSDB Script----------------
connect -url tcp:127.0.0.1:3121
targets -set -nocase -filter {name =~"APU*"}
rst -system
after 3000
targets -set -filter {jtag_cable_name =~ "Xilinx HW-FTDI-TEST FT2232H 1234-tulA" && level==0 && jtag_device_ctx=="jsn-HW-FTDI-TEST FT2232H-1234-tulA-23727093-0"}
fpga -file C:/Users/dries/ultrasoon/ultrasoon_test/_ide/bitstream/design_1_wrapper.bit
targets -set -nocase -filter {name =~"APU*"}
loadhw -hw C:/Users/dries/ultrasoon/design_1_wrapper/export/design_1_wrapper/hw/design_1_wrapper.xsa -mem-ranges [list {0x40000000 0xbfffffff}] -regs
configparams force-mem-access 1
targets -set -nocase -filter {name =~"APU*"}
source C:/Users/dries/ultrasoon/ultrasoon_test/_ide/psinit/ps7_init.tcl
ps7_init
ps7_post_config
targets -set -nocase -filter {name =~ "*A9*#0"}
dow C:/Users/dries/ultrasoon/ultrasoon_test/Debug/ultrasoon_test.elf
configparams force-mem-access 0
----------------End of Script----------------

13:35:41 INFO  : Context for processor 'ps7_cortexa9_0' is selected.
13:35:41 INFO  : 'con' command is executed.
13:35:41 INFO  : ----------------XSDB Script (After Launch)----------------
targets -set -nocase -filter {name =~ "*A9*#0"}
con
----------------End of Script----------------

13:35:41 INFO  : Launch script is exported to file 'C:\Users\dries\ultrasoon\ultrasoon_test_system\_ide\scripts\debugger_ultrasoon_test-default.tcl'
13:42:53 INFO  : Disconnected from the channel tcfchan#1.
