Copyright 1986-2022 Xilinx, Inc. All Rights Reserved. Copyright 2022-2023 Advanced Micro Devices, Inc. All Rights Reserved.
---------------------------------------------------------------------------------------------------------------------------------------------
| Tool Version : Vivado v.2023.2 (win64) Build 4029153 Fri Oct 13 20:14:34 MDT 2023
| Date         : Tue Mar 26 10:15:06 2024
| Host         : dries_laptop running 64-bit major release  (build 9200)
| Command      : report_control_sets -verbose -file design_1_wrapper_control_sets_placed.rpt
| Design       : design_1_wrapper
| Device       : xc7z020
---------------------------------------------------------------------------------------------------------------------------------------------

Control Set Information

Table of Contents
-----------------
1. Summary
2. Histogram
3. Flip-Flop Distribution
4. Detailed Control Set Information

1. Summary
----------

+----------------------------------------------------------+-------+
|                          Status                          | Count |
+----------------------------------------------------------+-------+
| Total control sets                                       |    99 |
|    Minimum number of control sets                        |    99 |
|    Addition due to synthesis replication                 |     0 |
|    Addition due to physical synthesis replication        |     0 |
| Unused register locations in slices containing registers |   222 |
+----------------------------------------------------------+-------+
* Control sets can be merged at opt_design using control_set_merge or merge_equivalent_drivers
** Run report_qor_suggestions for automated merging and remapping suggestions


2. Histogram
------------

+--------------------+-------+
|       Fanout       | Count |
+--------------------+-------+
| Total control sets |    99 |
| >= 0 to < 4        |    13 |
| >= 4 to < 6        |    10 |
| >= 6 to < 8        |     5 |
| >= 8 to < 10       |    33 |
| >= 10 to < 12      |     5 |
| >= 12 to < 14      |     2 |
| >= 14 to < 16      |     4 |
| >= 16              |    27 |
+--------------------+-------+
* Control sets can be remapped at either synth_design or opt_design


3. Flip-Flop Distribution
-------------------------

+--------------+-----------------------+------------------------+-----------------+--------------+
| Clock Enable | Synchronous Set/Reset | Asynchronous Set/Reset | Total Registers | Total Slices |
+--------------+-----------------------+------------------------+-----------------+--------------+
| No           | No                    | No                     |             193 |           59 |
| No           | No                    | Yes                    |               0 |            0 |
| No           | Yes                   | No                     |             127 |           53 |
| Yes          | No                    | No                     |             402 |           87 |
| Yes          | No                    | Yes                    |               0 |            0 |
| Yes          | Yes                   | No                     |             752 |          241 |
+--------------+-----------------------+------------------------+-----------------+--------------+


4. Detailed Control Set Information
-----------------------------------

+-------------------------------------------------+----------------------------------------------------------------------------------------------------------------------------------------------------------------+-------------------------------------------------------------------------------------------------------------------------------------------------------+------------------+----------------+--------------+
|                   Clock Signal                  |                                                                          Enable Signal                                                                         |                                                                    Set/Reset Signal                                                                   | Slice Load Count | Bel Load Count | Bels / Slice |
+-------------------------------------------------+----------------------------------------------------------------------------------------------------------------------------------------------------------------+-------------------------------------------------------------------------------------------------------------------------------------------------------+------------------+----------------+--------------+
|  design_1_i/processing_system7_0/inst/FCLK_CLK0 |                                                                                                                                                                | design_1_i/axi_timer_0/U0/TC_CORE_I/TIMER_CONTROL_I/READ_DONE1_I_i_1_n_0                                                                              |                1 |              1 |         1.00 |
|  design_1_i/processing_system7_0/inst/FCLK_CLK0 | design_1_i/ps7_0_axi_periph/s00_couplers/auto_pc/inst/gen_axilite.gen_b2s_conv.axilite_b2s/WR.aw_channel_0/aw_cmd_fsm_0/FSM_sequential_state_reg[0]_1          | design_1_i/ps7_0_axi_periph/s00_couplers/auto_pc/inst/gen_axilite.gen_b2s_conv.axilite_b2s/WR.aw_channel_0/aw_cmd_fsm_0/FSM_sequential_state_reg[0]_0 |                1 |              1 |         1.00 |
|  design_1_i/processing_system7_0/inst/FCLK_CLK0 |                                                                                                                                                                | design_1_i/axi_timer_1/U0/AXI4_LITE_I/I_SLAVE_ATTACHMENT/I_DECODER/GEN_BKEND_CE_REGISTERS[4].ce_out_i_reg[4]_0                                        |                1 |              1 |         1.00 |
|  design_1_i/processing_system7_0/inst/FCLK_CLK0 |                                                                                                                                                                | design_1_i/axi_timer_1/U0/AXI4_LITE_I/I_SLAVE_ATTACHMENT/I_DECODER/GEN_BKEND_CE_REGISTERS[0].ce_out_i_reg[0]_0                                        |                1 |              1 |         1.00 |
|  design_1_i/processing_system7_0/inst/FCLK_CLK0 |                                                                                                                                                                | design_1_i/axi_timer_0/U0/TC_CORE_I/TIMER_CONTROL_I/READ_DONE0_I_i_1_n_0                                                                              |                1 |              1 |         1.00 |
|  design_1_i/processing_system7_0/inst/FCLK_CLK0 |                                                                                                                                                                | design_1_i/axi_timer_0/U0/TC_CORE_I/TIMER_CONTROL_I/R                                                                                                 |                1 |              1 |         1.00 |
|  design_1_i/processing_system7_0/inst/FCLK_CLK0 |                                                                                                                                                                | design_1_i/axi_timer_0/U0/AXI4_LITE_I/I_SLAVE_ATTACHMENT/I_DECODER/GEN_BKEND_CE_REGISTERS[0].ce_out_i_reg[0]_0                                        |                1 |              1 |         1.00 |
|  design_1_i/processing_system7_0/inst/FCLK_CLK0 |                                                                                                                                                                | design_1_i/axi_timer_0/U0/AXI4_LITE_I/I_SLAVE_ATTACHMENT/I_DECODER/GEN_BKEND_CE_REGISTERS[4].ce_out_i_reg[4]_0                                        |                1 |              1 |         1.00 |
|  design_1_i/processing_system7_0/inst/FCLK_CLK0 |                                                                                                                                                                | design_1_i/axi_timer_1/U0/TC_CORE_I/TIMER_CONTROL_I/R                                                                                                 |                1 |              1 |         1.00 |
|  design_1_i/processing_system7_0/inst/FCLK_CLK0 |                                                                                                                                                                | design_1_i/axi_timer_1/U0/TC_CORE_I/TIMER_CONTROL_I/READ_DONE0_I_i_1_n_0                                                                              |                1 |              1 |         1.00 |
|  design_1_i/processing_system7_0/inst/FCLK_CLK0 |                                                                                                                                                                | design_1_i/axi_timer_1/U0/TC_CORE_I/TIMER_CONTROL_I/READ_DONE1_I_i_1_n_0                                                                              |                1 |              1 |         1.00 |
|  design_1_i/processing_system7_0/inst/FCLK_CLK0 | design_1_i/ps7_0_axi_periph/s00_couplers/auto_pc/inst/gen_axilite.gen_b2s_conv.axilite_b2s/WR.b_channel_0/bid_fifo_0/sel                                       |                                                                                                                                                       |                1 |              2 |         2.00 |
|  design_1_i/clk_wiz_0/inst/clk_out1             |                                                                                                                                                                |                                                                                                                                                       |                1 |              2 |         2.00 |
|  design_1_i/processing_system7_0/inst/FCLK_CLK0 |                                                                                                                                                                | design_1_i/rst_ps7_0_100M/U0/EXT_LPF/lpf_int                                                                                                          |                1 |              4 |         4.00 |
|  design_1_i/processing_system7_0/inst/FCLK_CLK0 |                                                                                                                                                                | design_1_i/ps7_0_axi_periph/s00_couplers/auto_pc/inst/gen_axilite.gen_b2s_conv.axilite_b2s/SI_REG/ar.ar_pipe/aresetn_d_reg[1]_inv_0                   |                3 |              4 |         1.33 |
|  design_1_i/processing_system7_0/inst/FCLK_CLK0 | design_1_i/axi_timer_0/U0/AXI4_LITE_I/I_SLAVE_ATTACHMENT/bus2ip_addr_i[4]_i_1_n_0                                                                              | design_1_i/axi_timer_0/U0/AXI4_LITE_I/I_SLAVE_ATTACHMENT/rst                                                                                          |                1 |              4 |         4.00 |
|  design_1_i/processing_system7_0/inst/FCLK_CLK0 | design_1_i/axi_timer_0/U0/AXI4_LITE_I/I_SLAVE_ATTACHMENT/I_DECODER/pair0_Select                                                                                | design_1_i/axi_timer_0/U0/TC_CORE_I/GEN_SECOND_TIMER.COUNTER_1_I/COUNTER_I/s_axi_aresetn_0                                                            |                1 |              4 |         4.00 |
|  design_1_i/processing_system7_0/inst/FCLK_CLK0 | design_1_i/axi_timer_1/U0/AXI4_LITE_I/I_SLAVE_ATTACHMENT/bus2ip_addr_i[4]_i_1_n_0                                                                              | design_1_i/axi_timer_1/U0/AXI4_LITE_I/I_SLAVE_ATTACHMENT/rst                                                                                          |                1 |              4 |         4.00 |
|  design_1_i/processing_system7_0/inst/FCLK_CLK0 |                                                                                                                                                                | design_1_i/ps7_0_axi_periph/s00_couplers/auto_pc/inst/gen_axilite.gen_b2s_conv.axilite_b2s/SI_REG/aw.aw_pipe/aresetn_d_reg[0]_0                       |                1 |              4 |         4.00 |
|  design_1_i/processing_system7_0/inst/FCLK_CLK0 | design_1_i/axi_timer_1/U0/AXI4_LITE_I/I_SLAVE_ATTACHMENT/I_DECODER/pair0_Select                                                                                | design_1_i/axi_timer_1/U0/TC_CORE_I/GEN_SECOND_TIMER.COUNTER_1_I/COUNTER_I/s_axi_aresetn_0                                                            |                2 |              4 |         2.00 |
|  design_1_i/processing_system7_0/inst/FCLK_CLK0 | design_1_i/ps7_0_axi_periph/s00_couplers/auto_pc/inst/gen_axilite.gen_b2s_conv.axilite_b2s/RD.ar_channel_0/ar_cmd_fsm_0/m_axi_arready_2                        | design_1_i/ps7_0_axi_periph/s00_couplers/auto_pc/inst/gen_axilite.gen_b2s_conv.axilite_b2s/RD.ar_channel_0/ar_cmd_fsm_0/FSM_sequential_state_reg[1]_0 |                1 |              4 |         4.00 |
|  design_1_i/processing_system7_0/inst/FCLK_CLK0 | design_1_i/ps7_0_axi_periph/s00_couplers/auto_pc/inst/gen_axilite.gen_b2s_conv.axilite_b2s/RD.r_channel_0/transaction_fifo_0/cnt_read[4]_i_1_n_0               | design_1_i/ps7_0_axi_periph/s00_couplers/auto_pc/inst/gen_axilite.gen_b2s_conv.axilite_b2s/areset_d1                                                  |                1 |              5 |         5.00 |
|  design_1_i/processing_system7_0/inst/FCLK_CLK0 | design_1_i/ps7_0_axi_periph/s00_couplers/auto_pc/inst/gen_axilite.gen_b2s_conv.axilite_b2s/RD.r_channel_0/rd_data_fifo_0/cnt_read[4]_i_1__0_n_0                | design_1_i/ps7_0_axi_periph/s00_couplers/auto_pc/inst/gen_axilite.gen_b2s_conv.axilite_b2s/areset_d1                                                  |                2 |              5 |         2.50 |
|  design_1_i/processing_system7_0/inst/FCLK_CLK0 |                                                                                                                                                                | design_1_i/axi_timer_1/U0/AXI4_LITE_I/I_SLAVE_ATTACHMENT/INCLUDE_DPHASE_TIMER.dpto_cnt[5]_i_1_n_0                                                     |                2 |              6 |         3.00 |
|  design_1_i/processing_system7_0/inst/FCLK_CLK0 |                                                                                                                                                                | design_1_i/axi_timer_0/U0/AXI4_LITE_I/I_SLAVE_ATTACHMENT/INCLUDE_DPHASE_TIMER.dpto_cnt[5]_i_1_n_0                                                     |                2 |              6 |         3.00 |
|  design_1_i/processing_system7_0/inst/FCLK_CLK0 | design_1_i/rst_ps7_0_100M/U0/SEQ/seq_cnt_en                                                                                                                    | design_1_i/rst_ps7_0_100M/U0/SEQ/SEQ_COUNTER/clear                                                                                                    |                2 |              6 |         3.00 |
|  design_1_i/processing_system7_0/inst/FCLK_CLK0 | design_1_i/axi_timer_1/U0/AXI4_LITE_I/I_SLAVE_ATTACHMENT/start2                                                                                                | design_1_i/axi_timer_1/U0/AXI4_LITE_I/I_SLAVE_ATTACHMENT/I_DECODER/cs_ce_clr                                                                          |                2 |              7 |         3.50 |
|  design_1_i/processing_system7_0/inst/FCLK_CLK0 | design_1_i/axi_timer_0/U0/AXI4_LITE_I/I_SLAVE_ATTACHMENT/start2                                                                                                | design_1_i/axi_timer_0/U0/AXI4_LITE_I/I_SLAVE_ATTACHMENT/I_DECODER/cs_ce_clr                                                                          |                2 |              7 |         3.50 |
|  design_1_i/processing_system7_0/inst/FCLK_CLK0 | design_1_i/speed_sensor_0/U0/speed_sensor_v1_0_S00_AXI_inst/slv_reg0[23]_i_1_n_0                                                                               | design_1_i/speed_sensor_0/U0/speed_sensor_v1_0_S00_AXI_inst/axi_awready_i_1_n_0                                                                       |                3 |              8 |         2.67 |
|  design_1_i/processing_system7_0/inst/FCLK_CLK0 | design_1_i/speed_sensor_0/U0/speed_sensor_v1_0_S00_AXI_inst/slv_reg0[31]_i_1_n_0                                                                               | design_1_i/speed_sensor_0/U0/speed_sensor_v1_0_S00_AXI_inst/axi_awready_i_1_n_0                                                                       |                1 |              8 |         8.00 |
|  design_1_i/processing_system7_0/inst/FCLK_CLK0 | design_1_i/speed_sensor_0/U0/speed_sensor_v1_0_S00_AXI_inst/slv_reg1[31]_i_1_n_0                                                                               | design_1_i/speed_sensor_0/U0/speed_sensor_v1_0_S00_AXI_inst/axi_awready_i_1_n_0                                                                       |                1 |              8 |         8.00 |
|  design_1_i/processing_system7_0/inst/FCLK_CLK0 | design_1_i/speed_sensor_0/U0/speed_sensor_v1_0_S00_AXI_inst/slv_reg1[15]_i_1_n_0                                                                               | design_1_i/speed_sensor_0/U0/speed_sensor_v1_0_S00_AXI_inst/axi_awready_i_1_n_0                                                                       |                2 |              8 |         4.00 |
|  design_1_i/processing_system7_0/inst/FCLK_CLK0 | design_1_i/speed_sensor_0/U0/speed_sensor_v1_0_S00_AXI_inst/slv_reg1[7]_i_1_n_0                                                                                | design_1_i/speed_sensor_0/U0/speed_sensor_v1_0_S00_AXI_inst/axi_awready_i_1_n_0                                                                       |                1 |              8 |         8.00 |
|  design_1_i/processing_system7_0/inst/FCLK_CLK0 | design_1_i/speed_sensor_0/U0/speed_sensor_v1_0_S00_AXI_inst/slv_reg1[23]_i_1_n_0                                                                               | design_1_i/speed_sensor_0/U0/speed_sensor_v1_0_S00_AXI_inst/axi_awready_i_1_n_0                                                                       |                1 |              8 |         8.00 |
|  design_1_i/processing_system7_0/inst/FCLK_CLK0 | design_1_i/speed_sensor_0/U0/speed_sensor_v1_0_S00_AXI_inst/p_1_in[15]                                                                                         | design_1_i/speed_sensor_0/U0/speed_sensor_v1_0_S00_AXI_inst/axi_awready_i_1_n_0                                                                       |                2 |              8 |         4.00 |
|  design_1_i/processing_system7_0/inst/FCLK_CLK0 | design_1_i/speed_sensor_0/U0/speed_sensor_v1_0_S00_AXI_inst/p_1_in[31]                                                                                         | design_1_i/speed_sensor_0/U0/speed_sensor_v1_0_S00_AXI_inst/axi_awready_i_1_n_0                                                                       |                1 |              8 |         8.00 |
|  design_1_i/processing_system7_0/inst/FCLK_CLK0 | design_1_i/speed_sensor_0/U0/speed_sensor_v1_0_S00_AXI_inst/p_1_in[23]                                                                                         | design_1_i/speed_sensor_0/U0/speed_sensor_v1_0_S00_AXI_inst/axi_awready_i_1_n_0                                                                       |                1 |              8 |         8.00 |
|  design_1_i/processing_system7_0/inst/FCLK_CLK0 | design_1_i/speed_sensor_0/U0/speed_sensor_v1_0_S00_AXI_inst/p_1_in[7]                                                                                          | design_1_i/speed_sensor_0/U0/speed_sensor_v1_0_S00_AXI_inst/axi_awready_i_1_n_0                                                                       |                1 |              8 |         8.00 |
|  design_1_i/processing_system7_0/inst/FCLK_CLK0 | design_1_i/speed_sensor_1/U0/speed_sensor_v1_0_S00_AXI_inst/slv_reg0[7]_i_1_n_0                                                                                | design_1_i/speed_sensor_1/U0/speed_sensor_v1_0_S00_AXI_inst/axi_awready_i_1_n_0                                                                       |                2 |              8 |         4.00 |
|  design_1_i/processing_system7_0/inst/FCLK_CLK0 | design_1_i/speed_sensor_1/U0/speed_sensor_v1_0_S00_AXI_inst/slv_reg0[31]_i_1_n_0                                                                               | design_1_i/speed_sensor_1/U0/speed_sensor_v1_0_S00_AXI_inst/axi_awready_i_1_n_0                                                                       |                3 |              8 |         2.67 |
|  design_1_i/processing_system7_0/inst/FCLK_CLK0 | design_1_i/speed_sensor_1/U0/speed_sensor_v1_0_S00_AXI_inst/slv_reg0[23]_i_1_n_0                                                                               | design_1_i/speed_sensor_1/U0/speed_sensor_v1_0_S00_AXI_inst/axi_awready_i_1_n_0                                                                       |                2 |              8 |         4.00 |
|  design_1_i/processing_system7_0/inst/FCLK_CLK0 | design_1_i/speed_sensor_1/U0/speed_sensor_v1_0_S00_AXI_inst/slv_reg0[15]_i_1_n_0                                                                               | design_1_i/speed_sensor_1/U0/speed_sensor_v1_0_S00_AXI_inst/axi_awready_i_1_n_0                                                                       |                4 |              8 |         2.00 |
|  design_1_i/processing_system7_0/inst/FCLK_CLK0 | design_1_i/speed_sensor_1/U0/speed_sensor_v1_0_S00_AXI_inst/p_1_in[15]                                                                                         | design_1_i/speed_sensor_1/U0/speed_sensor_v1_0_S00_AXI_inst/axi_awready_i_1_n_0                                                                       |                4 |              8 |         2.00 |
|  design_1_i/processing_system7_0/inst/FCLK_CLK0 | design_1_i/speed_sensor_1/U0/speed_sensor_v1_0_S00_AXI_inst/slv_reg1[23]_i_1_n_0                                                                               | design_1_i/speed_sensor_1/U0/speed_sensor_v1_0_S00_AXI_inst/axi_awready_i_1_n_0                                                                       |                2 |              8 |         4.00 |
|  design_1_i/processing_system7_0/inst/FCLK_CLK0 | design_1_i/speed_sensor_1/U0/speed_sensor_v1_0_S00_AXI_inst/slv_reg1[15]_i_1_n_0                                                                               | design_1_i/speed_sensor_1/U0/speed_sensor_v1_0_S00_AXI_inst/axi_awready_i_1_n_0                                                                       |                3 |              8 |         2.67 |
|  design_1_i/processing_system7_0/inst/FCLK_CLK0 | design_1_i/speed_sensor_1/U0/speed_sensor_v1_0_S00_AXI_inst/slv_reg1[31]_i_1_n_0                                                                               | design_1_i/speed_sensor_1/U0/speed_sensor_v1_0_S00_AXI_inst/axi_awready_i_1_n_0                                                                       |                1 |              8 |         8.00 |
|  design_1_i/processing_system7_0/inst/FCLK_CLK0 | design_1_i/speed_sensor_1/U0/speed_sensor_v1_0_S00_AXI_inst/p_1_in[7]                                                                                          | design_1_i/speed_sensor_1/U0/speed_sensor_v1_0_S00_AXI_inst/axi_awready_i_1_n_0                                                                       |                2 |              8 |         4.00 |
|  design_1_i/processing_system7_0/inst/FCLK_CLK0 | design_1_i/speed_sensor_1/U0/speed_sensor_v1_0_S00_AXI_inst/slv_reg1[7]_i_1_n_0                                                                                | design_1_i/speed_sensor_1/U0/speed_sensor_v1_0_S00_AXI_inst/axi_awready_i_1_n_0                                                                       |                2 |              8 |         4.00 |
|  design_1_i/processing_system7_0/inst/FCLK_CLK0 | design_1_i/speed_sensor_1/U0/speed_sensor_v1_0_S00_AXI_inst/p_1_in[23]                                                                                         | design_1_i/speed_sensor_1/U0/speed_sensor_v1_0_S00_AXI_inst/axi_awready_i_1_n_0                                                                       |                2 |              8 |         4.00 |
|  design_1_i/processing_system7_0/inst/FCLK_CLK0 | design_1_i/speed_sensor_1/U0/speed_sensor_v1_0_S00_AXI_inst/p_1_in[31]                                                                                         | design_1_i/speed_sensor_1/U0/speed_sensor_v1_0_S00_AXI_inst/axi_awready_i_1_n_0                                                                       |                1 |              8 |         8.00 |
|  design_1_i/processing_system7_0/inst/FCLK_CLK0 | design_1_i/ps7_0_axi_periph/s00_couplers/auto_pc/inst/gen_axilite.gen_b2s_conv.axilite_b2s/WR.b_channel_0/mhandshake_r                                         | design_1_i/ps7_0_axi_periph/s00_couplers/auto_pc/inst/gen_axilite.gen_b2s_conv.axilite_b2s/WR.b_channel_0/bid_fifo_0/SR[0]                            |                3 |              8 |         2.67 |
|  design_1_i/processing_system7_0/inst/FCLK_CLK0 | design_1_i/axi_timer_1/U0/AXI4_LITE_I/I_SLAVE_ATTACHMENT/I_DECODER/bus2ip_wrce[0]                                                                              | design_1_i/axi_timer_1/U0/TC_CORE_I/GEN_SECOND_TIMER.COUNTER_1_I/COUNTER_I/s_axi_aresetn_0                                                            |                2 |              8 |         4.00 |
|  design_1_i/processing_system7_0/inst/FCLK_CLK0 | design_1_i/axi_timer_0/U0/AXI4_LITE_I/I_SLAVE_ATTACHMENT/I_DECODER/bus2ip_wrce[0]                                                                              | design_1_i/axi_timer_0/U0/TC_CORE_I/GEN_SECOND_TIMER.COUNTER_1_I/COUNTER_I/s_axi_aresetn_0                                                            |                3 |              8 |         2.67 |
|  design_1_i/processing_system7_0/inst/FCLK_CLK0 | design_1_i/ps7_0_axi_periph/s00_couplers/auto_pc/inst/gen_axilite.gen_b2s_conv.axilite_b2s/WR.aw_channel_0/aw_cmd_fsm_0/m_valid_i_reg[0]                       |                                                                                                                                                       |                4 |              8 |         2.00 |
|  design_1_i/processing_system7_0/inst/FCLK_CLK0 | design_1_i/speed_sensor_0/U0/speed_sensor_v1_0_S00_AXI_inst/slv_reg0[15]_i_1_n_0                                                                               | design_1_i/speed_sensor_0/U0/speed_sensor_v1_0_S00_AXI_inst/axi_awready_i_1_n_0                                                                       |                1 |              8 |         8.00 |
|  design_1_i/processing_system7_0/inst/FCLK_CLK0 | design_1_i/ps7_0_axi_periph/s00_couplers/auto_pc/inst/gen_axilite.gen_b2s_conv.axilite_b2s/RD.ar_channel_0/ar_cmd_fsm_0/E[0]                                   |                                                                                                                                                       |                3 |              8 |         2.67 |
|  design_1_i/processing_system7_0/inst/FCLK_CLK0 | design_1_i/ps7_0_axi_periph/s00_couplers/auto_pc/inst/gen_axilite.gen_b2s_conv.axilite_b2s/RD.ar_channel_0/ar_cmd_fsm_0/sel_first_reg[0]                       |                                                                                                                                                       |                2 |              8 |         4.00 |
|  design_1_i/processing_system7_0/inst/FCLK_CLK0 | design_1_i/ps7_0_axi_periph/s00_couplers/auto_pc/inst/gen_axilite.gen_b2s_conv.axilite_b2s/WR.aw_channel_0/cmd_translator_0/incr_cmd_0/axaddr_incr[11]_i_1_n_0 |                                                                                                                                                       |                2 |              8 |         4.00 |
|  design_1_i/processing_system7_0/inst/FCLK_CLK0 | design_1_i/speed_sensor_0/U0/speed_sensor_v1_0_S00_AXI_inst/slv_reg0[7]_i_1_n_0                                                                                | design_1_i/speed_sensor_0/U0/speed_sensor_v1_0_S00_AXI_inst/axi_awready_i_1_n_0                                                                       |                1 |              8 |         8.00 |
|  design_1_i/processing_system7_0/inst/FCLK_CLK0 | design_1_i/axi_timer_1/U0/AXI4_LITE_I/I_SLAVE_ATTACHMENT/I_DECODER/bus2ip_wrce[1]                                                                              | design_1_i/axi_timer_1/U0/TC_CORE_I/GEN_SECOND_TIMER.COUNTER_1_I/COUNTER_I/s_axi_aresetn_0                                                            |                3 |              9 |         3.00 |
|  design_1_i/processing_system7_0/inst/FCLK_CLK0 | design_1_i/axi_timer_0/U0/AXI4_LITE_I/I_SLAVE_ATTACHMENT/I_DECODER/bus2ip_wrce[1]                                                                              | design_1_i/axi_timer_0/U0/TC_CORE_I/GEN_SECOND_TIMER.COUNTER_1_I/COUNTER_I/s_axi_aresetn_0                                                            |                4 |              9 |         2.25 |
|  design_1_i/processing_system7_0/inst/FCLK_CLK0 |                                                                                                                                                                | design_1_i/ps7_0_axi_periph/s00_couplers/auto_pc/inst/gen_axilite.gen_b2s_conv.axilite_b2s/areset_d1                                                  |                4 |             10 |         2.50 |
|  design_1_i/processing_system7_0/inst/FCLK_CLK0 |                                                                                                                                                                | design_1_i/speed_sensor_1/U0/speed_sensor_v1_0_S00_AXI_inst/axi_awready_i_1_n_0                                                                       |                3 |             10 |         3.33 |
|  design_1_i/processing_system7_0/inst/FCLK_CLK0 |                                                                                                                                                                | design_1_i/speed_sensor_0/U0/speed_sensor_v1_0_S00_AXI_inst/axi_awready_i_1_n_0                                                                       |                5 |             10 |         2.00 |
|  design_1_i/processing_system7_0/inst/FCLK_CLK0 |                                                                                                                                                                | design_1_i/axi_timer_1/U0/AXI4_LITE_I/I_SLAVE_ATTACHMENT/rst                                                                                          |                5 |             11 |         2.20 |
|  design_1_i/processing_system7_0/inst/FCLK_CLK0 |                                                                                                                                                                | design_1_i/axi_timer_0/U0/AXI4_LITE_I/I_SLAVE_ATTACHMENT/rst                                                                                          |                4 |             11 |         2.75 |
|  design_1_i/processing_system7_0/inst/FCLK_CLK0 | design_1_i/ps7_0_axi_periph/s00_couplers/auto_pc/inst/gen_axilite.gen_b2s_conv.axilite_b2s/RD.r_channel_0/r_push_r                                             |                                                                                                                                                       |                4 |             13 |         3.25 |
|  design_1_i/processing_system7_0/inst/FCLK_CLK0 |                                                                                                                                                                | design_1_i/ps7_0_axi_periph/xbar/inst/gen_sasd.crossbar_sasd_0/addr_arbiter_inst/SR[0]                                                                |                4 |             13 |         3.25 |
|  design_1_i/processing_system7_0/inst/FCLK_CLK0 |                                                                                                                                                                | design_1_i/axi_timer_0/U0/TC_CORE_I/GEN_SECOND_TIMER.COUNTER_1_I/COUNTER_I/s_axi_aresetn_0                                                            |                4 |             14 |         3.50 |
|  design_1_i/processing_system7_0/inst/FCLK_CLK0 | design_1_i/ps7_0_axi_periph/s00_couplers/auto_pc/inst/gen_axilite.gen_b2s_conv.axilite_b2s/SI_REG/b.b_pipe/p_1_in                                              |                                                                                                                                                       |                2 |             14 |         7.00 |
|  design_1_i/processing_system7_0/inst/FCLK_CLK0 |                                                                                                                                                                | design_1_i/axi_timer_1/U0/TC_CORE_I/GEN_SECOND_TIMER.COUNTER_1_I/COUNTER_I/s_axi_aresetn_0                                                            |                5 |             14 |         2.80 |
|  design_1_i/processing_system7_0/inst/FCLK_CLK0 | design_1_i/ps7_0_axi_periph/s00_couplers/auto_pc/inst/gen_axilite.gen_b2s_conv.axilite_b2s/SI_REG/b.b_pipe/s_ready_i_reg_0                                     |                                                                                                                                                       |                2 |             14 |         7.00 |
|  design_1_i/processing_system7_0/inst/FCLK_CLK0 | design_1_i/ps7_0_axi_periph/s00_couplers/auto_pc/inst/gen_axilite.gen_b2s_conv.axilite_b2s/WR.aw_channel_0/aw_cmd_fsm_0/m_axi_awready_0                        |                                                                                                                                                       |                3 |             16 |         5.33 |
|  design_1_i/processing_system7_0/inst/FCLK_CLK0 | design_1_i/ps7_0_axi_periph/s00_couplers/auto_pc/inst/gen_axilite.gen_b2s_conv.axilite_b2s/RD.ar_channel_0/ar_cmd_fsm_0/m_axi_arready_2                        |                                                                                                                                                       |                6 |             17 |         2.83 |
|  design_1_i/processing_system7_0/inst/FCLK_CLK0 | design_1_i/ps7_0_axi_periph/xbar/inst/gen_sasd.crossbar_sasd_0/addr_arbiter_inst/p_0_in1_in                                                                    | design_1_i/ps7_0_axi_periph/xbar/inst/gen_sasd.crossbar_sasd_0/addr_arbiter_inst/SR[0]                                                                |                6 |             19 |         3.17 |
|  design_1_i/processing_system7_0/inst/FCLK_CLK0 | design_1_i/ps7_0_axi_periph/s00_couplers/auto_pc/inst/gen_axilite.gen_b2s_conv.axilite_b2s/WR.aw_channel_0/aw_cmd_fsm_0/FSM_sequential_state_reg[0]_1          |                                                                                                                                                       |                9 |             20 |         2.22 |
|  design_1_i/processing_system7_0/inst/FCLK_CLK0 | design_1_i/speed_sensor_0/U0/speed_sensor_v1_0_S00_AXI_inst/slv_reg_rden                                                                                       | design_1_i/speed_sensor_0/U0/speed_sensor_v1_0_S00_AXI_inst/axi_awready_i_1_n_0                                                                       |               11 |             32 |         2.91 |
|  design_1_i/processing_system7_0/inst/FCLK_CLK0 | design_1_i/axi_timer_0/U0/TC_CORE_I/TIMER_CONTROL_I/generateOutPre0_reg_0                                                                                      | design_1_i/axi_timer_0/U0/TC_CORE_I/GEN_SECOND_TIMER.COUNTER_1_I/COUNTER_I/s_axi_aresetn_0                                                            |                5 |             32 |         6.40 |
|  design_1_i/processing_system7_0/inst/FCLK_CLK0 | design_1_i/axi_timer_0/U0/TC_CORE_I/TIMER_CONTROL_I/CE_0                                                                                                       | design_1_i/axi_timer_0/U0/TC_CORE_I/GEN_SECOND_TIMER.COUNTER_1_I/COUNTER_I/s_axi_aresetn_0                                                            |               10 |             32 |         3.20 |
|  design_1_i/processing_system7_0/inst/FCLK_CLK0 | design_1_i/axi_timer_0/U0/TC_CORE_I/TIMER_CONTROL_I/CE                                                                                                         | design_1_i/axi_timer_0/U0/TC_CORE_I/GEN_SECOND_TIMER.COUNTER_1_I/COUNTER_I/s_axi_aresetn_0                                                            |                9 |             32 |         3.56 |
|  design_1_i/processing_system7_0/inst/FCLK_CLK0 | design_1_i/axi_timer_0/U0/TC_CORE_I/TIMER_CONTROL_I/TCSR0_GENERATE[20].TCSR0_FF_I_1                                                                            | design_1_i/axi_timer_0/U0/TC_CORE_I/GEN_SECOND_TIMER.COUNTER_1_I/COUNTER_I/s_axi_aresetn_0                                                            |                5 |             32 |         6.40 |
|  design_1_i/processing_system7_0/inst/FCLK_CLK0 | design_1_i/speed_sensor_1/U0/speed_sensor_v1_0_S00_AXI_inst/slv_reg_rden                                                                                       | design_1_i/speed_sensor_1/U0/speed_sensor_v1_0_S00_AXI_inst/axi_awready_i_1_n_0                                                                       |               11 |             32 |         2.91 |
|  design_1_i/processing_system7_0/inst/FCLK_CLK0 | design_1_i/axi_timer_0/U0/AXI4_LITE_I/I_SLAVE_ATTACHMENT/s_axi_rresp_i                                                                                         | design_1_i/axi_timer_0/U0/AXI4_LITE_I/I_SLAVE_ATTACHMENT/rst                                                                                          |               32 |             32 |         1.00 |
|  design_1_i/processing_system7_0/inst/FCLK_CLK0 | design_1_i/axi_timer_1/U0/TC_CORE_I/TIMER_CONTROL_I/CE                                                                                                         | design_1_i/axi_timer_1/U0/TC_CORE_I/GEN_SECOND_TIMER.COUNTER_1_I/COUNTER_I/s_axi_aresetn_0                                                            |               11 |             32 |         2.91 |
|  design_1_i/processing_system7_0/inst/FCLK_CLK0 | design_1_i/axi_timer_1/U0/TC_CORE_I/TIMER_CONTROL_I/CE_0                                                                                                       | design_1_i/axi_timer_1/U0/TC_CORE_I/GEN_SECOND_TIMER.COUNTER_1_I/COUNTER_I/s_axi_aresetn_0                                                            |               10 |             32 |         3.20 |
|  design_1_i/processing_system7_0/inst/FCLK_CLK0 | design_1_i/axi_timer_1/U0/TC_CORE_I/TIMER_CONTROL_I/TCSR0_GENERATE[20].TCSR0_FF_I_1                                                                            | design_1_i/axi_timer_1/U0/TC_CORE_I/GEN_SECOND_TIMER.COUNTER_1_I/COUNTER_I/s_axi_aresetn_0                                                            |                4 |             32 |         8.00 |
|  design_1_i/processing_system7_0/inst/FCLK_CLK0 | design_1_i/axi_timer_1/U0/TC_CORE_I/TIMER_CONTROL_I/generateOutPre0_reg_0                                                                                      | design_1_i/axi_timer_1/U0/TC_CORE_I/GEN_SECOND_TIMER.COUNTER_1_I/COUNTER_I/s_axi_aresetn_0                                                            |                4 |             32 |         8.00 |
|  design_1_i/processing_system7_0/inst/FCLK_CLK0 | design_1_i/axi_timer_1/U0/AXI4_LITE_I/I_SLAVE_ATTACHMENT/s_axi_rresp_i                                                                                         | design_1_i/axi_timer_1/U0/AXI4_LITE_I/I_SLAVE_ATTACHMENT/rst                                                                                          |               32 |             32 |         1.00 |
|  design_1_i/clk_wiz_0/inst/clk_out1             | design_1_i/speed_sensor_1/U0/speed_sensor_v1_0_S00_AXI_inst/Core1/pulse_count                                                                                  | design_1_i/speed_sensor_1/U0/speed_sensor_v1_0_S00_AXI_inst/slv_reg0[0]                                                                               |                8 |             32 |         4.00 |
|  design_1_i/clk_wiz_0/inst/clk_out1             | design_1_i/speed_sensor_0/U0/speed_sensor_v1_0_S00_AXI_inst/Core1/pulse_count                                                                                  | design_1_i/speed_sensor_0/U0/speed_sensor_v1_0_S00_AXI_inst/slv_reg0[0]                                                                               |                8 |             32 |         4.00 |
|  design_1_i/processing_system7_0/inst/FCLK_CLK0 | design_1_i/ps7_0_axi_periph/s00_couplers/auto_pc/inst/gen_axilite.gen_b2s_conv.axilite_b2s/RD.r_channel_0/rd_data_fifo_0/wr_en0                                |                                                                                                                                                       |                9 |             34 |         3.78 |
|  design_1_i/processing_system7_0/inst/FCLK_CLK0 | design_1_i/ps7_0_axi_periph/xbar/inst/gen_sasd.crossbar_sasd_0/addr_arbiter_inst/E[0]                                                                          |                                                                                                                                                       |                7 |             35 |         5.00 |
|  design_1_i/processing_system7_0/inst/FCLK_CLK0 | design_1_i/ps7_0_axi_periph/s00_couplers/auto_pc/inst/gen_axilite.gen_b2s_conv.axilite_b2s/SI_REG/aw.aw_pipe/s_ready_i_reg_0                                   |                                                                                                                                                       |                8 |             44 |         5.50 |
|  design_1_i/processing_system7_0/inst/FCLK_CLK0 | design_1_i/ps7_0_axi_periph/s00_couplers/auto_pc/inst/gen_axilite.gen_b2s_conv.axilite_b2s/WR.aw_channel_0/aw_cmd_fsm_0/E[0]                                   |                                                                                                                                                       |                8 |             44 |         5.50 |
|  design_1_i/processing_system7_0/inst/FCLK_CLK0 | design_1_i/ps7_0_axi_periph/s00_couplers/auto_pc/inst/gen_axilite.gen_b2s_conv.axilite_b2s/RD.ar_channel_0/ar_cmd_fsm_0/m_valid_i_reg[0]                       |                                                                                                                                                       |                9 |             44 |         4.89 |
|  design_1_i/processing_system7_0/inst/FCLK_CLK0 | design_1_i/ps7_0_axi_periph/s00_couplers/auto_pc/inst/gen_axilite.gen_b2s_conv.axilite_b2s/SI_REG/ar.ar_pipe/s_ready_i_reg_0                                   |                                                                                                                                                       |               10 |             44 |         4.40 |
|  design_1_i/processing_system7_0/inst/FCLK_CLK0 | design_1_i/ps7_0_axi_periph/s00_couplers/auto_pc/inst/gen_axilite.gen_b2s_conv.axilite_b2s/SI_REG/r.r_pipe/s_ready_i_reg_0                                     |                                                                                                                                                       |                8 |             47 |         5.88 |
|  design_1_i/processing_system7_0/inst/FCLK_CLK0 | design_1_i/ps7_0_axi_periph/s00_couplers/auto_pc/inst/gen_axilite.gen_b2s_conv.axilite_b2s/SI_REG/r.r_pipe/p_1_in                                              |                                                                                                                                                       |                7 |             47 |         6.71 |
|  design_1_i/processing_system7_0/inst/FCLK_CLK0 |                                                                                                                                                                |                                                                                                                                                       |               59 |            192 |         3.25 |
+-------------------------------------------------+----------------------------------------------------------------------------------------------------------------------------------------------------------------+-------------------------------------------------------------------------------------------------------------------------------------------------------+------------------+----------------+--------------+


