14:25:12 DEBUG : Logs will be stored at 'C:/Users/dries/ZDSP/IDE.log'.
14:25:16 INFO  : Launching XSCT server: xsct.bat -n  -interactive C:\Users\dries\ZDSP\temp_xsdb_launch_script.tcl
14:25:16 INFO  : Platform repository initialization has completed.
14:25:17 INFO  : Registering command handlers for Vitis TCF services
14:25:20 INFO  : XSCT server has started successfully.
14:25:25 INFO  : plnx-install-location is set to ''
14:25:25 INFO  : Successfully done setting XSCT server connection channel  
14:25:25 INFO  : Successfully done query RDI_DATADIR 
14:25:25 INFO  : Successfully done setting workspace for the tool. 
14:30:09 INFO  : Result from executing command 'getProjects': AudioProcessing2
14:30:09 INFO  : Result from executing command 'getPlatforms': 
14:30:09 WARN  : An unexpected exception occurred in the module 'platform project logging'
14:30:10 INFO  : Platform 'AudioProcessing2' is added to custom repositories.
14:30:18 INFO  : Platform 'AudioProcessing2' is added to custom repositories.
14:30:56 INFO  : Result from executing command 'getProjects': AudioProcessing2
14:30:56 INFO  : Result from executing command 'getPlatforms': AudioProcessing2|C:/Users/dries/ZDSP/AudioProcessing2/export/AudioProcessing2/AudioProcessing2.xpfm
14:31:11 INFO  : Checking for BSP changes to sync application flags for project 'DSPApp'...
14:47:11 INFO  : Checking for BSP changes to sync application flags for project 'DSPApp'...
14:49:46 INFO  : Checking for BSP changes to sync application flags for project 'DSPApp'...
14:52:25 INFO  : Checking for BSP changes to sync application flags for project 'DSPApp'...
14:54:04 INFO  : Checking for BSP changes to sync application flags for project 'DSPApp'...
14:58:44 INFO  : Checking for BSP changes to sync application flags for project 'DSPApp'...
15:07:16 INFO  : Checking for BSP changes to sync application flags for project 'DSPApp'...
15:12:12 INFO  : Checking for BSP changes to sync application flags for project 'DSPApp'...
15:12:37 INFO  : Checking for BSP changes to sync application flags for project 'DSPApp'...
15:12:53 INFO  : Checking for BSP changes to sync application flags for project 'DSPApp'...
15:13:19 INFO  : Connected to target on host '127.0.0.1' and port '3121'.
15:13:20 INFO  : Jtag cable 'Xilinx HW-FTDI-TEST FT2232H 1234-tulA' is selected.
15:13:20 INFO  : 'jtag frequency' command is executed.
15:13:20 INFO  : Context for 'APU' is selected.
15:13:20 INFO  : System reset is completed.
15:13:23 INFO  : 'after 3000' command is executed.
15:13:23 INFO  : 'targets -set -filter {jtag_cable_name =~ "Xilinx HW-FTDI-TEST FT2232H 1234-tulA" && level==0 && jtag_device_ctx=="jsn-HW-FTDI-TEST FT2232H-1234-tulA-23727093-0"}' command is executed.
15:13:26 INFO  : Device configured successfully with "C:/Users/dries/ZDSP/DSPApp/_ide/bitstream/AudioProcessing2.bit"
15:13:26 INFO  : Context for 'APU' is selected.
15:13:26 INFO  : Hardware design and registers information is loaded from 'C:/Users/dries/ZDSP/AudioProcessing2/export/AudioProcessing2/hw/AudioProcessing2.xsa'.
15:13:26 INFO  : 'configparams force-mem-access 1' command is executed.
15:13:26 INFO  : Context for 'APU' is selected.
15:13:26 INFO  : Sourcing of 'C:/Users/dries/ZDSP/DSPApp/_ide/psinit/ps7_init.tcl' is done.
15:13:26 INFO  : 'ps7_init' command is executed.
15:13:26 INFO  : 'ps7_post_config' command is executed.
15:13:26 INFO  : Context for processor 'ps7_cortexa9_0' is selected.
15:13:29 INFO  : The application 'C:/Users/dries/ZDSP/DSPApp/Debug/DSPApp.elf' is downloaded to processor 'ps7_cortexa9_0'.
15:13:29 INFO  : 'configparams force-mem-access 0' command is executed.
15:13:29 INFO  : ----------------XSDB Script----------------
connect -url tcp:127.0.0.1:3121
targets -set -nocase -filter {name =~"APU*"}
rst -system
after 3000
targets -set -filter {jtag_cable_name =~ "Xilinx HW-FTDI-TEST FT2232H 1234-tulA" && level==0 && jtag_device_ctx=="jsn-HW-FTDI-TEST FT2232H-1234-tulA-23727093-0"}
fpga -file C:/Users/dries/ZDSP/DSPApp/_ide/bitstream/AudioProcessing2.bit
targets -set -nocase -filter {name =~"APU*"}
loadhw -hw C:/Users/dries/ZDSP/AudioProcessing2/export/AudioProcessing2/hw/AudioProcessing2.xsa -mem-ranges [list {0x40000000 0xbfffffff}] -regs
configparams force-mem-access 1
targets -set -nocase -filter {name =~"APU*"}
source C:/Users/dries/ZDSP/DSPApp/_ide/psinit/ps7_init.tcl
ps7_init
ps7_post_config
targets -set -nocase -filter {name =~ "*A9*#0"}
dow C:/Users/dries/ZDSP/DSPApp/Debug/DSPApp.elf
configparams force-mem-access 0
----------------End of Script----------------

15:13:30 INFO  : Context for processor 'ps7_cortexa9_0' is selected.
15:13:30 INFO  : 'con' command is executed.
15:13:30 INFO  : ----------------XSDB Script (After Launch)----------------
targets -set -nocase -filter {name =~ "*A9*#0"}
con
----------------End of Script----------------

15:13:30 INFO  : Launch script is exported to file 'C:\Users\dries\ZDSP\DSPApp_system\_ide\scripts\debugger_dspapp-default.tcl'
15:18:56 INFO  : Checking for BSP changes to sync application flags for project 'DSPApp'...
15:21:50 INFO  : Checking for BSP changes to sync application flags for project 'DSPApp'...
15:22:07 INFO  : Disconnected from the channel tcfchan#2.
15:22:08 INFO  : Connected to target on host '127.0.0.1' and port '3121'.
15:22:17 INFO  : ----------------XSDB Script----------------
connect -url tcp:127.0.0.1:3121
----------------End of Script----------------

15:22:17 ERROR : Could not find Jtag device on the board for connection 'Local'.


Troubleshooting hints:
1. Check whether board is connected to system properly.
2. In case of zynq board, check whether Digilent/Xilinx cable switch settings are correct.
3. If you are using Xilinx Platform Cable USB, ensure that status LED is green.
15:22:21 INFO  : Connected to target on host '127.0.0.1' and port '3121'.
15:22:21 INFO  : Jtag cable 'Xilinx HW-FTDI-TEST FT2232H 1234-tulA' is selected.
15:22:21 INFO  : 'jtag frequency' command is executed.
15:22:21 INFO  : Context for 'APU' is selected.
15:22:21 INFO  : System reset is completed.
15:22:24 INFO  : 'after 3000' command is executed.
15:22:24 INFO  : 'targets -set -filter {jtag_cable_name =~ "Xilinx HW-FTDI-TEST FT2232H 1234-tulA" && level==0 && jtag_device_ctx=="jsn-HW-FTDI-TEST FT2232H-1234-tulA-23727093-0"}' command is executed.
15:22:27 INFO  : Device configured successfully with "C:/Users/dries/ZDSP/DSPApp/_ide/bitstream/AudioProcessing2.bit"
15:22:27 INFO  : Context for 'APU' is selected.
15:22:27 INFO  : Hardware design and registers information is loaded from 'C:/Users/dries/ZDSP/AudioProcessing2/export/AudioProcessing2/hw/AudioProcessing2.xsa'.
15:22:27 INFO  : 'configparams force-mem-access 1' command is executed.
15:22:27 INFO  : Context for 'APU' is selected.
15:22:27 INFO  : Sourcing of 'C:/Users/dries/ZDSP/DSPApp/_ide/psinit/ps7_init.tcl' is done.
15:22:27 INFO  : 'ps7_init' command is executed.
15:22:27 INFO  : 'ps7_post_config' command is executed.
15:22:27 INFO  : Context for processor 'ps7_cortexa9_0' is selected.
15:22:30 INFO  : The application 'C:/Users/dries/ZDSP/DSPApp/Debug/DSPApp.elf' is downloaded to processor 'ps7_cortexa9_0'.
15:22:30 INFO  : 'configparams force-mem-access 0' command is executed.
15:22:30 INFO  : ----------------XSDB Script----------------
connect -url tcp:127.0.0.1:3121
targets -set -nocase -filter {name =~"APU*"}
rst -system
after 3000
targets -set -filter {jtag_cable_name =~ "Xilinx HW-FTDI-TEST FT2232H 1234-tulA" && level==0 && jtag_device_ctx=="jsn-HW-FTDI-TEST FT2232H-1234-tulA-23727093-0"}
fpga -file C:/Users/dries/ZDSP/DSPApp/_ide/bitstream/AudioProcessing2.bit
targets -set -nocase -filter {name =~"APU*"}
loadhw -hw C:/Users/dries/ZDSP/AudioProcessing2/export/AudioProcessing2/hw/AudioProcessing2.xsa -mem-ranges [list {0x40000000 0xbfffffff}] -regs
configparams force-mem-access 1
targets -set -nocase -filter {name =~"APU*"}
source C:/Users/dries/ZDSP/DSPApp/_ide/psinit/ps7_init.tcl
ps7_init
ps7_post_config
targets -set -nocase -filter {name =~ "*A9*#0"}
dow C:/Users/dries/ZDSP/DSPApp/Debug/DSPApp.elf
configparams force-mem-access 0
----------------End of Script----------------

15:22:30 INFO  : Context for processor 'ps7_cortexa9_0' is selected.
15:22:30 INFO  : 'con' command is executed.
15:22:30 INFO  : ----------------XSDB Script (After Launch)----------------
targets -set -nocase -filter {name =~ "*A9*#0"}
con
----------------End of Script----------------

15:22:30 INFO  : Launch script is exported to file 'C:\Users\dries\ZDSP\DSPApp_system\_ide\scripts\debugger_dspapp-default_2.tcl'
15:27:56 INFO  : Checking for BSP changes to sync application flags for project 'DSPApp'...
15:28:13 INFO  : Disconnected from the channel tcfchan#3.
15:28:14 INFO  : Connected to target on host '127.0.0.1' and port '3121'.
15:28:23 INFO  : ----------------XSDB Script----------------
connect -url tcp:127.0.0.1:3121
----------------End of Script----------------

15:28:23 ERROR : Could not find Jtag device on the board for connection 'Local'.


Troubleshooting hints:
1. Check whether board is connected to system properly.
2. In case of zynq board, check whether Digilent/Xilinx cable switch settings are correct.
3. If you are using Xilinx Platform Cable USB, ensure that status LED is green.
15:28:29 INFO  : Connected to target on host '127.0.0.1' and port '3121'.
15:28:29 INFO  : Jtag cable 'Xilinx HW-FTDI-TEST FT2232H 1234-tulA' is selected.
15:28:29 INFO  : 'jtag frequency' command is executed.
15:28:29 INFO  : Context for 'APU' is selected.
15:28:29 INFO  : System reset is completed.
15:28:32 INFO  : 'after 3000' command is executed.
15:28:32 INFO  : 'targets -set -filter {jtag_cable_name =~ "Xilinx HW-FTDI-TEST FT2232H 1234-tulA" && level==0 && jtag_device_ctx=="jsn-HW-FTDI-TEST FT2232H-1234-tulA-23727093-0"}' command is executed.
15:28:35 INFO  : Device configured successfully with "C:/Users/dries/ZDSP/DSPApp/_ide/bitstream/AudioProcessing2.bit"
15:28:35 INFO  : Context for 'APU' is selected.
15:28:35 INFO  : Hardware design and registers information is loaded from 'C:/Users/dries/ZDSP/AudioProcessing2/export/AudioProcessing2/hw/AudioProcessing2.xsa'.
15:28:35 INFO  : 'configparams force-mem-access 1' command is executed.
15:28:35 INFO  : Context for 'APU' is selected.
15:28:35 INFO  : Sourcing of 'C:/Users/dries/ZDSP/DSPApp/_ide/psinit/ps7_init.tcl' is done.
15:28:35 INFO  : 'ps7_init' command is executed.
15:28:35 INFO  : 'ps7_post_config' command is executed.
15:28:35 INFO  : Context for processor 'ps7_cortexa9_0' is selected.
15:28:38 INFO  : The application 'C:/Users/dries/ZDSP/DSPApp/Debug/DSPApp.elf' is downloaded to processor 'ps7_cortexa9_0'.
15:28:38 INFO  : 'configparams force-mem-access 0' command is executed.
15:28:38 INFO  : ----------------XSDB Script----------------
connect -url tcp:127.0.0.1:3121
targets -set -nocase -filter {name =~"APU*"}
rst -system
after 3000
targets -set -filter {jtag_cable_name =~ "Xilinx HW-FTDI-TEST FT2232H 1234-tulA" && level==0 && jtag_device_ctx=="jsn-HW-FTDI-TEST FT2232H-1234-tulA-23727093-0"}
fpga -file C:/Users/dries/ZDSP/DSPApp/_ide/bitstream/AudioProcessing2.bit
targets -set -nocase -filter {name =~"APU*"}
loadhw -hw C:/Users/dries/ZDSP/AudioProcessing2/export/AudioProcessing2/hw/AudioProcessing2.xsa -mem-ranges [list {0x40000000 0xbfffffff}] -regs
configparams force-mem-access 1
targets -set -nocase -filter {name =~"APU*"}
source C:/Users/dries/ZDSP/DSPApp/_ide/psinit/ps7_init.tcl
ps7_init
ps7_post_config
targets -set -nocase -filter {name =~ "*A9*#0"}
dow C:/Users/dries/ZDSP/DSPApp/Debug/DSPApp.elf
configparams force-mem-access 0
----------------End of Script----------------

15:28:38 INFO  : Context for processor 'ps7_cortexa9_0' is selected.
15:28:38 INFO  : 'con' command is executed.
15:28:38 INFO  : ----------------XSDB Script (After Launch)----------------
targets -set -nocase -filter {name =~ "*A9*#0"}
con
----------------End of Script----------------

15:28:38 INFO  : Launch script is exported to file 'C:\Users\dries\ZDSP\DSPApp_system\_ide\scripts\debugger_dspapp-default.tcl'
15:29:37 INFO  : Disconnected from the channel tcfchan#4.
15:29:38 INFO  : Connected to target on host '127.0.0.1' and port '3121'.
15:29:38 INFO  : Jtag cable 'Xilinx HW-FTDI-TEST FT2232H 1234-tulA' is selected.
15:29:38 INFO  : 'jtag frequency' command is executed.
15:29:38 INFO  : Context for 'APU' is selected.
15:29:38 INFO  : System reset is completed.
15:29:41 INFO  : 'after 3000' command is executed.
15:29:41 INFO  : 'targets -set -filter {jtag_cable_name =~ "Xilinx HW-FTDI-TEST FT2232H 1234-tulA" && level==0 && jtag_device_ctx=="jsn-HW-FTDI-TEST FT2232H-1234-tulA-23727093-0"}' command is executed.
15:29:43 INFO  : Device configured successfully with "C:/Users/dries/ZDSP/DSPApp/_ide/bitstream/AudioProcessing2.bit"
15:29:43 INFO  : Context for 'APU' is selected.
15:29:43 INFO  : Hardware design and registers information is loaded from 'C:/Users/dries/ZDSP/AudioProcessing2/export/AudioProcessing2/hw/AudioProcessing2.xsa'.
15:29:43 INFO  : 'configparams force-mem-access 1' command is executed.
15:29:43 INFO  : Context for 'APU' is selected.
15:29:43 INFO  : Sourcing of 'C:/Users/dries/ZDSP/DSPApp/_ide/psinit/ps7_init.tcl' is done.
15:29:44 INFO  : 'ps7_init' command is executed.
15:29:44 INFO  : 'ps7_post_config' command is executed.
15:29:44 INFO  : Context for processor 'ps7_cortexa9_0' is selected.
15:29:47 INFO  : The application 'C:/Users/dries/ZDSP/DSPApp/Debug/DSPApp.elf' is downloaded to processor 'ps7_cortexa9_0'.
15:29:47 INFO  : 'configparams force-mem-access 0' command is executed.
15:29:47 INFO  : ----------------XSDB Script----------------
connect -url tcp:127.0.0.1:3121
targets -set -nocase -filter {name =~"APU*"}
rst -system
after 3000
targets -set -filter {jtag_cable_name =~ "Xilinx HW-FTDI-TEST FT2232H 1234-tulA" && level==0 && jtag_device_ctx=="jsn-HW-FTDI-TEST FT2232H-1234-tulA-23727093-0"}
fpga -file C:/Users/dries/ZDSP/DSPApp/_ide/bitstream/AudioProcessing2.bit
targets -set -nocase -filter {name =~"APU*"}
loadhw -hw C:/Users/dries/ZDSP/AudioProcessing2/export/AudioProcessing2/hw/AudioProcessing2.xsa -mem-ranges [list {0x40000000 0xbfffffff}] -regs
configparams force-mem-access 1
targets -set -nocase -filter {name =~"APU*"}
source C:/Users/dries/ZDSP/DSPApp/_ide/psinit/ps7_init.tcl
ps7_init
ps7_post_config
targets -set -nocase -filter {name =~ "*A9*#0"}
dow C:/Users/dries/ZDSP/DSPApp/Debug/DSPApp.elf
configparams force-mem-access 0
----------------End of Script----------------

15:29:47 INFO  : Context for processor 'ps7_cortexa9_0' is selected.
15:29:47 INFO  : 'con' command is executed.
15:29:47 INFO  : ----------------XSDB Script (After Launch)----------------
targets -set -nocase -filter {name =~ "*A9*#0"}
con
----------------End of Script----------------

15:29:47 INFO  : Launch script is exported to file 'C:\Users\dries\ZDSP\DSPApp_system\_ide\scripts\debugger_dspapp-default.tcl'
15:30:31 INFO  : Disconnected from the channel tcfchan#5.
15:30:32 INFO  : Connected to target on host '127.0.0.1' and port '3121'.
15:30:34 INFO  : ----------------XSDB Script----------------
connect -url tcp:127.0.0.1:3121
----------------End of Script----------------

15:30:34 ERROR : Could not find FPGA device on the board for connection 'Local'.


Troubleshooting hints:
1. Check whether board is connected to system properly.
2. In case of zynq board, check whether Digilent/Xilinx cable switch settings are correct.
3. If you are using Xilinx Platform Cable USB, ensure that status LED is green.
15:30:37 INFO  : Connected to target on host '127.0.0.1' and port '3121'.
15:30:37 INFO  : Jtag cable 'Xilinx HW-FTDI-TEST FT2232H 1234-tulA' is selected.
15:30:37 INFO  : 'jtag frequency' command is executed.
15:30:37 INFO  : Context for 'APU' is selected.
15:30:38 INFO  : System reset is completed.
15:30:41 INFO  : 'after 3000' command is executed.
15:30:41 INFO  : 'targets -set -filter {jtag_cable_name =~ "Xilinx HW-FTDI-TEST FT2232H 1234-tulA" && level==0 && jtag_device_ctx=="jsn-HW-FTDI-TEST FT2232H-1234-tulA-23727093-0"}' command is executed.
15:30:43 INFO  : Device configured successfully with "C:/Users/dries/ZDSP/DSPApp/_ide/bitstream/AudioProcessing2.bit"
15:30:43 INFO  : Context for 'APU' is selected.
15:30:43 INFO  : Hardware design and registers information is loaded from 'C:/Users/dries/ZDSP/AudioProcessing2/export/AudioProcessing2/hw/AudioProcessing2.xsa'.
15:30:43 INFO  : 'configparams force-mem-access 1' command is executed.
15:30:43 INFO  : Context for 'APU' is selected.
15:30:43 INFO  : Sourcing of 'C:/Users/dries/ZDSP/DSPApp/_ide/psinit/ps7_init.tcl' is done.
15:30:43 INFO  : 'ps7_init' command is executed.
15:30:43 INFO  : 'ps7_post_config' command is executed.
15:30:43 INFO  : Context for processor 'ps7_cortexa9_0' is selected.
15:30:46 INFO  : The application 'C:/Users/dries/ZDSP/DSPApp/Debug/DSPApp.elf' is downloaded to processor 'ps7_cortexa9_0'.
15:30:46 INFO  : 'configparams force-mem-access 0' command is executed.
15:30:46 INFO  : ----------------XSDB Script----------------
connect -url tcp:127.0.0.1:3121
targets -set -nocase -filter {name =~"APU*"}
rst -system
after 3000
targets -set -filter {jtag_cable_name =~ "Xilinx HW-FTDI-TEST FT2232H 1234-tulA" && level==0 && jtag_device_ctx=="jsn-HW-FTDI-TEST FT2232H-1234-tulA-23727093-0"}
fpga -file C:/Users/dries/ZDSP/DSPApp/_ide/bitstream/AudioProcessing2.bit
targets -set -nocase -filter {name =~"APU*"}
loadhw -hw C:/Users/dries/ZDSP/AudioProcessing2/export/AudioProcessing2/hw/AudioProcessing2.xsa -mem-ranges [list {0x40000000 0xbfffffff}] -regs
configparams force-mem-access 1
targets -set -nocase -filter {name =~"APU*"}
source C:/Users/dries/ZDSP/DSPApp/_ide/psinit/ps7_init.tcl
ps7_init
ps7_post_config
targets -set -nocase -filter {name =~ "*A9*#0"}
dow C:/Users/dries/ZDSP/DSPApp/Debug/DSPApp.elf
configparams force-mem-access 0
----------------End of Script----------------

15:30:47 INFO  : Context for processor 'ps7_cortexa9_0' is selected.
15:30:47 INFO  : 'con' command is executed.
15:30:47 INFO  : ----------------XSDB Script (After Launch)----------------
targets -set -nocase -filter {name =~ "*A9*#0"}
con
----------------End of Script----------------

15:30:47 INFO  : Launch script is exported to file 'C:\Users\dries\ZDSP\DSPApp_system\_ide\scripts\debugger_dspapp-default.tcl'
15:34:16 INFO  : Checking for BSP changes to sync application flags for project 'DSPApp'...
15:34:29 INFO  : Checking for BSP changes to sync application flags for project 'DSPApp'...
15:34:46 INFO  : Disconnected from the channel tcfchan#6.
15:34:47 INFO  : Connected to target on host '127.0.0.1' and port '3121'.
15:34:56 INFO  : ----------------XSDB Script----------------
connect -url tcp:127.0.0.1:3121
----------------End of Script----------------

15:34:56 ERROR : Could not find Jtag device on the board for connection 'Local'.


Troubleshooting hints:
1. Check whether board is connected to system properly.
2. In case of zynq board, check whether Digilent/Xilinx cable switch settings are correct.
3. If you are using Xilinx Platform Cable USB, ensure that status LED is green.
15:35:00 INFO  : Connected to target on host '127.0.0.1' and port '3121'.
15:35:00 INFO  : Jtag cable 'Xilinx HW-FTDI-TEST FT2232H 1234-tulA' is selected.
15:35:00 INFO  : 'jtag frequency' command is executed.
15:35:00 INFO  : Context for 'APU' is selected.
15:35:00 INFO  : System reset is completed.
15:35:03 INFO  : 'after 3000' command is executed.
15:35:03 INFO  : 'targets -set -filter {jtag_cable_name =~ "Xilinx HW-FTDI-TEST FT2232H 1234-tulA" && level==0 && jtag_device_ctx=="jsn-HW-FTDI-TEST FT2232H-1234-tulA-23727093-0"}' command is executed.
15:35:06 INFO  : Device configured successfully with "C:/Users/dries/ZDSP/DSPApp/_ide/bitstream/AudioProcessing2.bit"
15:35:06 INFO  : Context for 'APU' is selected.
15:35:06 INFO  : Hardware design and registers information is loaded from 'C:/Users/dries/ZDSP/AudioProcessing2/export/AudioProcessing2/hw/AudioProcessing2.xsa'.
15:35:06 INFO  : 'configparams force-mem-access 1' command is executed.
15:35:06 INFO  : Context for 'APU' is selected.
15:35:06 INFO  : Sourcing of 'C:/Users/dries/ZDSP/DSPApp/_ide/psinit/ps7_init.tcl' is done.
15:35:06 INFO  : 'ps7_init' command is executed.
15:35:06 INFO  : 'ps7_post_config' command is executed.
15:35:06 INFO  : Context for processor 'ps7_cortexa9_0' is selected.
15:35:09 INFO  : The application 'C:/Users/dries/ZDSP/DSPApp/Debug/DSPApp.elf' is downloaded to processor 'ps7_cortexa9_0'.
15:35:09 INFO  : 'configparams force-mem-access 0' command is executed.
15:35:09 INFO  : ----------------XSDB Script----------------
connect -url tcp:127.0.0.1:3121
targets -set -nocase -filter {name =~"APU*"}
rst -system
after 3000
targets -set -filter {jtag_cable_name =~ "Xilinx HW-FTDI-TEST FT2232H 1234-tulA" && level==0 && jtag_device_ctx=="jsn-HW-FTDI-TEST FT2232H-1234-tulA-23727093-0"}
fpga -file C:/Users/dries/ZDSP/DSPApp/_ide/bitstream/AudioProcessing2.bit
targets -set -nocase -filter {name =~"APU*"}
loadhw -hw C:/Users/dries/ZDSP/AudioProcessing2/export/AudioProcessing2/hw/AudioProcessing2.xsa -mem-ranges [list {0x40000000 0xbfffffff}] -regs
configparams force-mem-access 1
targets -set -nocase -filter {name =~"APU*"}
source C:/Users/dries/ZDSP/DSPApp/_ide/psinit/ps7_init.tcl
ps7_init
ps7_post_config
targets -set -nocase -filter {name =~ "*A9*#0"}
dow C:/Users/dries/ZDSP/DSPApp/Debug/DSPApp.elf
configparams force-mem-access 0
----------------End of Script----------------

15:35:09 INFO  : Context for processor 'ps7_cortexa9_0' is selected.
15:35:09 INFO  : 'con' command is executed.
15:35:09 INFO  : ----------------XSDB Script (After Launch)----------------
targets -set -nocase -filter {name =~ "*A9*#0"}
con
----------------End of Script----------------

15:35:09 INFO  : Launch script is exported to file 'C:\Users\dries\ZDSP\DSPApp_system\_ide\scripts\debugger_dspapp-default.tcl'
15:35:49 INFO  : Disconnected from the channel tcfchan#7.
15:35:50 INFO  : Connected to target on host '127.0.0.1' and port '3121'.
15:35:50 INFO  : Jtag cable 'Xilinx HW-FTDI-TEST FT2232H 1234-tulA' is selected.
15:35:50 INFO  : 'jtag frequency' command is executed.
15:35:50 INFO  : Context for 'APU' is selected.
15:35:50 INFO  : System reset is completed.
15:35:53 INFO  : 'after 3000' command is executed.
15:35:53 INFO  : 'targets -set -filter {jtag_cable_name =~ "Xilinx HW-FTDI-TEST FT2232H 1234-tulA" && level==0 && jtag_device_ctx=="jsn-HW-FTDI-TEST FT2232H-1234-tulA-23727093-0"}' command is executed.
15:35:55 INFO  : Device configured successfully with "C:/Users/dries/ZDSP/DSPApp/_ide/bitstream/AudioProcessing2.bit"
15:35:55 INFO  : Context for 'APU' is selected.
15:35:55 INFO  : Hardware design and registers information is loaded from 'C:/Users/dries/ZDSP/AudioProcessing2/export/AudioProcessing2/hw/AudioProcessing2.xsa'.
15:35:55 INFO  : 'configparams force-mem-access 1' command is executed.
15:35:55 INFO  : Context for 'APU' is selected.
15:35:55 INFO  : Sourcing of 'C:/Users/dries/ZDSP/DSPApp/_ide/psinit/ps7_init.tcl' is done.
15:35:56 INFO  : 'ps7_init' command is executed.
15:35:56 INFO  : 'ps7_post_config' command is executed.
15:35:56 INFO  : Context for processor 'ps7_cortexa9_0' is selected.
15:35:59 INFO  : The application 'C:/Users/dries/ZDSP/DSPApp/Debug/DSPApp.elf' is downloaded to processor 'ps7_cortexa9_0'.
15:35:59 INFO  : 'configparams force-mem-access 0' command is executed.
15:35:59 INFO  : ----------------XSDB Script----------------
connect -url tcp:127.0.0.1:3121
targets -set -nocase -filter {name =~"APU*"}
rst -system
after 3000
targets -set -filter {jtag_cable_name =~ "Xilinx HW-FTDI-TEST FT2232H 1234-tulA" && level==0 && jtag_device_ctx=="jsn-HW-FTDI-TEST FT2232H-1234-tulA-23727093-0"}
fpga -file C:/Users/dries/ZDSP/DSPApp/_ide/bitstream/AudioProcessing2.bit
targets -set -nocase -filter {name =~"APU*"}
loadhw -hw C:/Users/dries/ZDSP/AudioProcessing2/export/AudioProcessing2/hw/AudioProcessing2.xsa -mem-ranges [list {0x40000000 0xbfffffff}] -regs
configparams force-mem-access 1
targets -set -nocase -filter {name =~"APU*"}
source C:/Users/dries/ZDSP/DSPApp/_ide/psinit/ps7_init.tcl
ps7_init
ps7_post_config
targets -set -nocase -filter {name =~ "*A9*#0"}
dow C:/Users/dries/ZDSP/DSPApp/Debug/DSPApp.elf
configparams force-mem-access 0
----------------End of Script----------------

15:35:59 INFO  : Context for processor 'ps7_cortexa9_0' is selected.
15:35:59 INFO  : 'con' command is executed.
15:35:59 INFO  : ----------------XSDB Script (After Launch)----------------
targets -set -nocase -filter {name =~ "*A9*#0"}
con
----------------End of Script----------------

15:35:59 INFO  : Launch script is exported to file 'C:\Users\dries\ZDSP\DSPApp_system\_ide\scripts\debugger_dspapp-default.tcl'
15:36:45 INFO  : Disconnected from the channel tcfchan#8.
09:12:30 DEBUG : Logs will be stored at 'C:/Users/dries/ZDSP/IDE.log'.
09:12:31 INFO  : Launching XSCT server: xsct.bat -n  -interactive C:\Users\dries\ZDSP\temp_xsdb_launch_script.tcl
09:12:38 INFO  : XSCT server has started successfully.
09:12:38 INFO  : plnx-install-location is set to ''
09:12:38 INFO  : Successfully done setting XSCT server connection channel  
09:12:38 INFO  : Successfully done setting workspace for the tool. 
09:12:46 INFO  : Platform repository initialization has completed.
09:12:47 INFO  : Registering command handlers for Vitis TCF services
09:12:52 INFO  : Successfully done query RDI_DATADIR 
09:15:49 INFO  : Checking for BSP changes to sync application flags for project 'DSPApp'...
09:17:24 INFO  : Checking for BSP changes to sync application flags for project 'DSPApp'...
09:18:49 INFO  : Connected to target on host '127.0.0.1' and port '3121'.
09:18:50 INFO  : Jtag cable 'Xilinx HW-FTDI-TEST FT2232H 1234-tulA' is selected.
09:18:50 INFO  : 'jtag frequency' command is executed.
09:18:50 INFO  : Context for 'APU' is selected.
09:18:50 INFO  : System reset is completed.
09:18:53 INFO  : 'after 3000' command is executed.
09:18:53 INFO  : 'targets -set -filter {jtag_cable_name =~ "Xilinx HW-FTDI-TEST FT2232H 1234-tulA" && level==0 && jtag_device_ctx=="jsn-HW-FTDI-TEST FT2232H-1234-tulA-23727093-0"}' command is executed.
09:18:55 INFO  : Device configured successfully with "C:/Users/dries/ZDSP/DSPApp/_ide/bitstream/AudioProcessing2.bit"
09:18:56 INFO  : Context for 'APU' is selected.
09:18:56 INFO  : Hardware design and registers information is loaded from 'C:/Users/dries/ZDSP/AudioProcessing2/export/AudioProcessing2/hw/AudioProcessing2.xsa'.
09:18:56 INFO  : 'configparams force-mem-access 1' command is executed.
09:18:56 INFO  : Context for 'APU' is selected.
09:18:56 INFO  : Sourcing of 'C:/Users/dries/ZDSP/DSPApp/_ide/psinit/ps7_init.tcl' is done.
09:18:56 INFO  : 'ps7_init' command is executed.
09:18:56 INFO  : 'ps7_post_config' command is executed.
09:18:56 INFO  : Context for processor 'ps7_cortexa9_0' is selected.
09:19:00 INFO  : The application 'C:/Users/dries/ZDSP/DSPApp/Debug/DSPApp.elf' is downloaded to processor 'ps7_cortexa9_0'.
09:19:00 INFO  : 'configparams force-mem-access 0' command is executed.
09:19:00 INFO  : ----------------XSDB Script----------------
connect -url tcp:127.0.0.1:3121
targets -set -nocase -filter {name =~"APU*"}
rst -system
after 3000
targets -set -filter {jtag_cable_name =~ "Xilinx HW-FTDI-TEST FT2232H 1234-tulA" && level==0 && jtag_device_ctx=="jsn-HW-FTDI-TEST FT2232H-1234-tulA-23727093-0"}
fpga -file C:/Users/dries/ZDSP/DSPApp/_ide/bitstream/AudioProcessing2.bit
targets -set -nocase -filter {name =~"APU*"}
loadhw -hw C:/Users/dries/ZDSP/AudioProcessing2/export/AudioProcessing2/hw/AudioProcessing2.xsa -mem-ranges [list {0x40000000 0xbfffffff}] -regs
configparams force-mem-access 1
targets -set -nocase -filter {name =~"APU*"}
source C:/Users/dries/ZDSP/DSPApp/_ide/psinit/ps7_init.tcl
ps7_init
ps7_post_config
targets -set -nocase -filter {name =~ "*A9*#0"}
dow C:/Users/dries/ZDSP/DSPApp/Debug/DSPApp.elf
configparams force-mem-access 0
----------------End of Script----------------

09:19:00 INFO  : Context for processor 'ps7_cortexa9_0' is selected.
09:19:00 INFO  : 'con' command is executed.
09:19:00 INFO  : ----------------XSDB Script (After Launch)----------------
targets -set -nocase -filter {name =~ "*A9*#0"}
con
----------------End of Script----------------

09:19:00 INFO  : Launch script is exported to file 'C:\Users\dries\ZDSP\DSPApp_system\_ide\scripts\debugger_dspapp-default_5.tcl'
09:19:53 INFO  : Checking for BSP changes to sync application flags for project 'DSPApp'...
09:20:19 INFO  : Disconnected from the channel tcfchan#1.
09:20:20 INFO  : Connected to target on host '127.0.0.1' and port '3121'.
09:20:29 INFO  : ----------------XSDB Script----------------
connect -url tcp:127.0.0.1:3121
----------------End of Script----------------

09:20:29 ERROR : Could not find ARM device on the board for connection 'Local'.
Check if the target is in:
1. Split JTAG - No operations are possible with ARM DAP.
2. Non JTAG bootmode - Bootrom may need time to enable DAP.
Please try again.


Troubleshooting hints:
1. Check whether board is connected to system properly.
2. In case of zynq board, check whether Digilent/Xilinx cable switch settings are correct.
3. If you are using Xilinx Platform Cable USB, ensure that status LED is green.
09:20:41 INFO  : Connected to target on host '127.0.0.1' and port '3121'.
09:20:42 INFO  : Jtag cable 'Xilinx HW-FTDI-TEST FT2232H 1234-tulA' is selected.
09:20:42 INFO  : 'jtag frequency' command is executed.
09:20:42 INFO  : Context for 'APU' is selected.
09:20:42 INFO  : System reset is completed.
09:20:45 INFO  : 'after 3000' command is executed.
09:20:45 INFO  : 'targets -set -filter {jtag_cable_name =~ "Xilinx HW-FTDI-TEST FT2232H 1234-tulA" && level==0 && jtag_device_ctx=="jsn-HW-FTDI-TEST FT2232H-1234-tulA-23727093-0"}' command is executed.
09:20:47 INFO  : Device configured successfully with "C:/Users/dries/ZDSP/DSPApp/_ide/bitstream/AudioProcessing2.bit"
09:20:47 INFO  : Context for 'APU' is selected.
09:20:51 INFO  : Hardware design and registers information is loaded from 'C:/Users/dries/ZDSP/AudioProcessing2/export/AudioProcessing2/hw/AudioProcessing2.xsa'.
09:20:51 INFO  : 'configparams force-mem-access 1' command is executed.
09:20:51 INFO  : Context for 'APU' is selected.
09:20:51 INFO  : Sourcing of 'C:/Users/dries/ZDSP/DSPApp/_ide/psinit/ps7_init.tcl' is done.
09:20:52 INFO  : 'ps7_init' command is executed.
09:20:52 INFO  : 'ps7_post_config' command is executed.
09:20:52 INFO  : Context for processor 'ps7_cortexa9_0' is selected.
09:20:55 INFO  : The application 'C:/Users/dries/ZDSP/DSPApp/Debug/DSPApp.elf' is downloaded to processor 'ps7_cortexa9_0'.
09:20:55 INFO  : 'configparams force-mem-access 0' command is executed.
09:20:55 INFO  : ----------------XSDB Script----------------
connect -url tcp:127.0.0.1:3121
targets -set -nocase -filter {name =~"APU*"}
rst -system
after 3000
targets -set -filter {jtag_cable_name =~ "Xilinx HW-FTDI-TEST FT2232H 1234-tulA" && level==0 && jtag_device_ctx=="jsn-HW-FTDI-TEST FT2232H-1234-tulA-23727093-0"}
fpga -file C:/Users/dries/ZDSP/DSPApp/_ide/bitstream/AudioProcessing2.bit
targets -set -nocase -filter {name =~"APU*"}
loadhw -hw C:/Users/dries/ZDSP/AudioProcessing2/export/AudioProcessing2/hw/AudioProcessing2.xsa -mem-ranges [list {0x40000000 0xbfffffff}] -regs
configparams force-mem-access 1
targets -set -nocase -filter {name =~"APU*"}
source C:/Users/dries/ZDSP/DSPApp/_ide/psinit/ps7_init.tcl
ps7_init
ps7_post_config
targets -set -nocase -filter {name =~ "*A9*#0"}
dow C:/Users/dries/ZDSP/DSPApp/Debug/DSPApp.elf
configparams force-mem-access 0
----------------End of Script----------------

09:20:56 INFO  : Context for processor 'ps7_cortexa9_0' is selected.
09:20:56 INFO  : 'con' command is executed.
09:20:56 INFO  : ----------------XSDB Script (After Launch)----------------
targets -set -nocase -filter {name =~ "*A9*#0"}
con
----------------End of Script----------------

09:20:56 INFO  : Launch script is exported to file 'C:\Users\dries\ZDSP\DSPApp_system\_ide\scripts\debugger_dspapp-default_5.tcl'
09:45:58 INFO  : Checking for BSP changes to sync application flags for project 'DSPApp'...
09:46:56 INFO  : Checking for BSP changes to sync application flags for project 'DSPApp'...
09:47:33 INFO  : Disconnected from the channel tcfchan#2.
09:47:34 INFO  : Connected to target on host '127.0.0.1' and port '3121'.
09:47:36 INFO  : ----------------XSDB Script----------------
connect -url tcp:127.0.0.1:3121
----------------End of Script----------------

09:47:36 ERROR : Could not find FPGA device on the board for connection 'Local'.


Troubleshooting hints:
1. Check whether board is connected to system properly.
2. In case of zynq board, check whether Digilent/Xilinx cable switch settings are correct.
3. If you are using Xilinx Platform Cable USB, ensure that status LED is green.
09:47:45 INFO  : Connected to target on host '127.0.0.1' and port '3121'.
09:47:45 INFO  : Jtag cable 'Xilinx HW-FTDI-TEST FT2232H 1234-tulA' is selected.
09:47:45 INFO  : 'jtag frequency' command is executed.
09:47:45 INFO  : Context for 'APU' is selected.
09:47:45 INFO  : System reset is completed.
09:47:48 INFO  : 'after 3000' command is executed.
09:47:48 INFO  : 'targets -set -filter {jtag_cable_name =~ "Xilinx HW-FTDI-TEST FT2232H 1234-tulA" && level==0 && jtag_device_ctx=="jsn-HW-FTDI-TEST FT2232H-1234-tulA-23727093-0"}' command is executed.
09:47:50 INFO  : Device configured successfully with "C:/Users/dries/ZDSP/DSPApp/_ide/bitstream/AudioProcessing2.bit"
09:47:50 INFO  : Context for 'APU' is selected.
09:47:52 INFO  : Hardware design and registers information is loaded from 'C:/Users/dries/ZDSP/AudioProcessing2/export/AudioProcessing2/hw/AudioProcessing2.xsa'.
09:47:52 INFO  : 'configparams force-mem-access 1' command is executed.
09:47:52 INFO  : Context for 'APU' is selected.
09:47:52 INFO  : Sourcing of 'C:/Users/dries/ZDSP/DSPApp/_ide/psinit/ps7_init.tcl' is done.
09:47:53 INFO  : 'ps7_init' command is executed.
09:47:53 INFO  : 'ps7_post_config' command is executed.
09:47:53 INFO  : Context for processor 'ps7_cortexa9_0' is selected.
09:47:56 INFO  : The application 'C:/Users/dries/ZDSP/DSPApp/Debug/DSPApp.elf' is downloaded to processor 'ps7_cortexa9_0'.
09:47:56 INFO  : 'configparams force-mem-access 0' command is executed.
09:47:56 INFO  : ----------------XSDB Script----------------
connect -url tcp:127.0.0.1:3121
targets -set -nocase -filter {name =~"APU*"}
rst -system
after 3000
targets -set -filter {jtag_cable_name =~ "Xilinx HW-FTDI-TEST FT2232H 1234-tulA" && level==0 && jtag_device_ctx=="jsn-HW-FTDI-TEST FT2232H-1234-tulA-23727093-0"}
fpga -file C:/Users/dries/ZDSP/DSPApp/_ide/bitstream/AudioProcessing2.bit
targets -set -nocase -filter {name =~"APU*"}
loadhw -hw C:/Users/dries/ZDSP/AudioProcessing2/export/AudioProcessing2/hw/AudioProcessing2.xsa -mem-ranges [list {0x40000000 0xbfffffff}] -regs
configparams force-mem-access 1
targets -set -nocase -filter {name =~"APU*"}
source C:/Users/dries/ZDSP/DSPApp/_ide/psinit/ps7_init.tcl
ps7_init
ps7_post_config
targets -set -nocase -filter {name =~ "*A9*#0"}
dow C:/Users/dries/ZDSP/DSPApp/Debug/DSPApp.elf
configparams force-mem-access 0
----------------End of Script----------------

09:47:56 INFO  : Context for processor 'ps7_cortexa9_0' is selected.
09:47:56 INFO  : 'con' command is executed.
09:47:56 INFO  : ----------------XSDB Script (After Launch)----------------
targets -set -nocase -filter {name =~ "*A9*#0"}
con
----------------End of Script----------------

09:47:56 INFO  : Launch script is exported to file 'C:\Users\dries\ZDSP\DSPApp_system\_ide\scripts\debugger_dspapp-default.tcl'
10:07:30 INFO  : Checking for BSP changes to sync application flags for project 'DSPApp'...
10:08:05 INFO  : Checking for BSP changes to sync application flags for project 'DSPApp'...
10:08:25 INFO  : Disconnected from the channel tcfchan#3.
10:08:26 INFO  : Connected to target on host '127.0.0.1' and port '3121'.
10:08:35 INFO  : ----------------XSDB Script----------------
connect -url tcp:127.0.0.1:3121
----------------End of Script----------------

10:08:35 ERROR : Could not find Jtag device on the board for connection 'Local'.


Troubleshooting hints:
1. Check whether board is connected to system properly.
2. In case of zynq board, check whether Digilent/Xilinx cable switch settings are correct.
3. If you are using Xilinx Platform Cable USB, ensure that status LED is green.
10:08:41 INFO  : Connected to target on host '127.0.0.1' and port '3121'.
10:08:41 INFO  : Jtag cable 'Xilinx HW-FTDI-TEST FT2232H 1234-tulA' is selected.
10:08:41 INFO  : 'jtag frequency' command is executed.
10:08:41 INFO  : Context for 'APU' is selected.
10:08:41 INFO  : System reset is completed.
10:08:44 INFO  : 'after 3000' command is executed.
10:08:44 INFO  : 'targets -set -filter {jtag_cable_name =~ "Xilinx HW-FTDI-TEST FT2232H 1234-tulA" && level==0 && jtag_device_ctx=="jsn-HW-FTDI-TEST FT2232H-1234-tulA-23727093-0"}' command is executed.
10:08:46 INFO  : Device configured successfully with "C:/Users/dries/ZDSP/DSPApp/_ide/bitstream/AudioProcessing2.bit"
10:08:46 INFO  : Context for 'APU' is selected.
10:08:48 INFO  : Hardware design and registers information is loaded from 'C:/Users/dries/ZDSP/AudioProcessing2/export/AudioProcessing2/hw/AudioProcessing2.xsa'.
10:08:48 INFO  : 'configparams force-mem-access 1' command is executed.
10:08:48 INFO  : Context for 'APU' is selected.
10:08:48 INFO  : Sourcing of 'C:/Users/dries/ZDSP/DSPApp/_ide/psinit/ps7_init.tcl' is done.
10:08:48 INFO  : 'ps7_init' command is executed.
10:08:48 INFO  : 'ps7_post_config' command is executed.
10:08:48 INFO  : Context for processor 'ps7_cortexa9_0' is selected.
10:08:52 INFO  : The application 'C:/Users/dries/ZDSP/DSPApp/Debug/DSPApp.elf' is downloaded to processor 'ps7_cortexa9_0'.
10:08:52 INFO  : 'configparams force-mem-access 0' command is executed.
10:08:52 INFO  : ----------------XSDB Script----------------
connect -url tcp:127.0.0.1:3121
targets -set -nocase -filter {name =~"APU*"}
rst -system
after 3000
targets -set -filter {jtag_cable_name =~ "Xilinx HW-FTDI-TEST FT2232H 1234-tulA" && level==0 && jtag_device_ctx=="jsn-HW-FTDI-TEST FT2232H-1234-tulA-23727093-0"}
fpga -file C:/Users/dries/ZDSP/DSPApp/_ide/bitstream/AudioProcessing2.bit
targets -set -nocase -filter {name =~"APU*"}
loadhw -hw C:/Users/dries/ZDSP/AudioProcessing2/export/AudioProcessing2/hw/AudioProcessing2.xsa -mem-ranges [list {0x40000000 0xbfffffff}] -regs
configparams force-mem-access 1
targets -set -nocase -filter {name =~"APU*"}
source C:/Users/dries/ZDSP/DSPApp/_ide/psinit/ps7_init.tcl
ps7_init
ps7_post_config
targets -set -nocase -filter {name =~ "*A9*#0"}
dow C:/Users/dries/ZDSP/DSPApp/Debug/DSPApp.elf
configparams force-mem-access 0
----------------End of Script----------------

10:08:52 INFO  : Context for processor 'ps7_cortexa9_0' is selected.
10:08:52 INFO  : 'con' command is executed.
10:08:52 INFO  : ----------------XSDB Script (After Launch)----------------
targets -set -nocase -filter {name =~ "*A9*#0"}
con
----------------End of Script----------------

10:08:52 INFO  : Launch script is exported to file 'C:\Users\dries\ZDSP\DSPApp_system\_ide\scripts\debugger_dspapp-default_5.tcl'
10:17:15 INFO  : Checking for BSP changes to sync application flags for project 'DSPApp'...
10:17:41 INFO  : Checking for BSP changes to sync application flags for project 'DSPApp'...
10:18:01 INFO  : Disconnected from the channel tcfchan#4.
10:18:02 INFO  : Connected to target on host '127.0.0.1' and port '3121'.
10:18:12 INFO  : ----------------XSDB Script----------------
connect -url tcp:127.0.0.1:3121
----------------End of Script----------------

10:18:12 ERROR : Could not find Jtag device on the board for connection 'Local'.


Troubleshooting hints:
1. Check whether board is connected to system properly.
2. In case of zynq board, check whether Digilent/Xilinx cable switch settings are correct.
3. If you are using Xilinx Platform Cable USB, ensure that status LED is green.
10:18:21 INFO  : Connected to target on host '127.0.0.1' and port '3121'.
10:18:21 INFO  : Jtag cable 'Xilinx HW-FTDI-TEST FT2232H 1234-tulA' is selected.
10:18:21 INFO  : 'jtag frequency' command is executed.
10:18:21 INFO  : Context for 'APU' is selected.
10:18:21 INFO  : System reset is completed.
10:18:24 INFO  : 'after 3000' command is executed.
10:18:24 INFO  : 'targets -set -filter {jtag_cable_name =~ "Xilinx HW-FTDI-TEST FT2232H 1234-tulA" && level==0 && jtag_device_ctx=="jsn-HW-FTDI-TEST FT2232H-1234-tulA-23727093-0"}' command is executed.
10:18:26 INFO  : Device configured successfully with "C:/Users/dries/ZDSP/DSPApp/_ide/bitstream/AudioProcessing2.bit"
10:18:26 INFO  : Context for 'APU' is selected.
10:18:28 INFO  : Hardware design and registers information is loaded from 'C:/Users/dries/ZDSP/AudioProcessing2/export/AudioProcessing2/hw/AudioProcessing2.xsa'.
10:18:28 INFO  : 'configparams force-mem-access 1' command is executed.
10:18:28 INFO  : Context for 'APU' is selected.
10:18:28 INFO  : Sourcing of 'C:/Users/dries/ZDSP/DSPApp/_ide/psinit/ps7_init.tcl' is done.
10:18:28 INFO  : 'ps7_init' command is executed.
10:18:28 INFO  : 'ps7_post_config' command is executed.
10:18:28 INFO  : Context for processor 'ps7_cortexa9_0' is selected.
10:18:32 INFO  : The application 'C:/Users/dries/ZDSP/DSPApp/Debug/DSPApp.elf' is downloaded to processor 'ps7_cortexa9_0'.
10:18:32 INFO  : 'configparams force-mem-access 0' command is executed.
10:18:32 INFO  : ----------------XSDB Script----------------
connect -url tcp:127.0.0.1:3121
targets -set -nocase -filter {name =~"APU*"}
rst -system
after 3000
targets -set -filter {jtag_cable_name =~ "Xilinx HW-FTDI-TEST FT2232H 1234-tulA" && level==0 && jtag_device_ctx=="jsn-HW-FTDI-TEST FT2232H-1234-tulA-23727093-0"}
fpga -file C:/Users/dries/ZDSP/DSPApp/_ide/bitstream/AudioProcessing2.bit
targets -set -nocase -filter {name =~"APU*"}
loadhw -hw C:/Users/dries/ZDSP/AudioProcessing2/export/AudioProcessing2/hw/AudioProcessing2.xsa -mem-ranges [list {0x40000000 0xbfffffff}] -regs
configparams force-mem-access 1
targets -set -nocase -filter {name =~"APU*"}
source C:/Users/dries/ZDSP/DSPApp/_ide/psinit/ps7_init.tcl
ps7_init
ps7_post_config
targets -set -nocase -filter {name =~ "*A9*#0"}
dow C:/Users/dries/ZDSP/DSPApp/Debug/DSPApp.elf
configparams force-mem-access 0
----------------End of Script----------------

10:18:32 INFO  : Context for processor 'ps7_cortexa9_0' is selected.
10:18:32 INFO  : 'con' command is executed.
10:18:32 INFO  : ----------------XSDB Script (After Launch)----------------
targets -set -nocase -filter {name =~ "*A9*#0"}
con
----------------End of Script----------------

10:18:32 INFO  : Launch script is exported to file 'C:\Users\dries\ZDSP\DSPApp_system\_ide\scripts\debugger_dspapp-default_5.tcl'
11:13:00 DEBUG : Logs will be stored at 'C:/Users/dries/OneDrive/Desktop/git/AP-DTMF-Serial/Synth/ZDSP/IDE.log'.
11:13:01 INFO  : Launching XSCT server: xsct.bat -n  -interactive C:\Users\dries\OneDrive\Desktop\git\AP-DTMF-Serial\Synth\ZDSP\temp_xsdb_launch_script.tcl
11:13:05 INFO  : XSCT server has started successfully.
11:13:05 INFO  : plnx-install-location is set to ''
11:13:05 INFO  : Successfully done setting XSCT server connection channel  
11:13:05 INFO  : Successfully done setting workspace for the tool. 
11:13:08 INFO  : Platform repository initialization has completed.
11:13:09 INFO  : Registering command handlers for Vitis TCF services
11:13:12 INFO  : Successfully done query RDI_DATADIR 
